#
# A fatal error has been detected by the Java Runtime Environment:
#
#  EXCEPTION_ILLEGAL_INSTRUCTION (0xc000001d) at pc=0x00000272e7260050, pid=2200, tid=9684
#
# JRE version: OpenJDK Runtime Environment (17.0+35) (build 17+35-2724)
# Java VM: OpenJDK 64-Bit Server VM (17+35-2724, mixed mode, sharing, tiered, compressed oops, compressed class ptrs, g1 gc, windows-amd64)
# Problematic frame:
# C  0x00000272e7260050
#
# No core dump will be written. Minidumps are not enabled by default on client versions of Windows
#
# If you would like to submit a bug report, please visit:
#   https://bugreport.java.com/bugreport/crash.jsp
# The crash happened outside the Java Virtual Machine in native code.
# See problematic frame for where to report the bug.
#

---------------  S U M M A R Y ------------

Command Line: -javaagent:C:\Program Files\JetBrains\IntelliJ IDEA Community Edition 2020.3.2\lib\idea_rt.jar=60406:C:\Program Files\JetBrains\IntelliJ IDEA Community Edition 2020.3.2\bin -Dfile.encoding=UTF-8 com.michalasobczak.bandwidth.Main -cp opencl

Host: Intel(R) Core(TM) i3-2328M CPU @ 2.20GHz, 4 cores, 15G,  Windows 10 , 64 bit Build 19041 (10.0.19041.1202)
Time: Sun Oct 31 20:31:45 2021  Windows 10 , 64 bit Build 19041 (10.0.19041.1202) elapsed time: 1.386727 seconds (0d 0h 0m 1s)

---------------  T H R E A D  ---------------

Current thread (0x00000272c189d660):  JavaThread "main" [_thread_in_native, id=9684, stack(0x0000009ac0500000,0x0000009ac0600000)]

Stack: [0x0000009ac0500000,0x0000009ac0600000],  sp=0x0000009ac05fdb68,  free space=1014k
Native frames: (J=compiled Java code, j=interpreted, Vv=VM code, C=native code)
C  0x00000272e7260050

Java frames: (J=compiled Java code, j=interpreted, Vv=VM code)
j  org.jocl.CL.clWaitForEventsNative(I[Lorg/jocl/cl_event;)I+0
j  org.jocl.CL.clWaitForEvents(I[Lorg/jocl/cl_event;)I+2
j  com.michalasobczak.bandwidth.KernelConfigurationSet.runKernel(I)V+75
j  com.michalasobczak.bandwidth.Main.main([Ljava/lang/String;)V+159
v  ~StubRoutines::call_stub

siginfo: EXCEPTION_ILLEGAL_INSTRUCTION (0xc000001d)


Register to memory mapping:

RIP=0x00000272e7260050 points into unknown readable memory: 0x0000000000000b0f | 0f 0b 00 00 00 00 00 00
RAX=0x00007ffe94b9e700 OclCpuBackEnd64.dll
RBX=0x00000272ea001010 points into unknown readable memory: 0x0000000000000001 | 01 00 00 00 00 00 00 00
RCX=0x00000272ea001000 points into unknown readable memory: 0x00000272e7280780 | 80 07 28 e7 72 02 00 00
RDX=0x0000009ac05fdc48 is pointing into the stack for thread: 0x00000272c189d660
RSP=0x0000009ac05fdb68 is pointing into the stack for thread: 0x00000272c189d660
RBP=0x00000272ea001000 points into unknown readable memory: 0x00000272e7280780 | 80 07 28 e7 72 02 00 00
RSI=0x00000272e7260050 points into unknown readable memory: 0x0000000000000b0f | 0f 0b 00 00 00 00 00 00
RDI=0x00000272e94ee198 points into unknown readable memory: 0x00007ffe94b9b4c8 | c8 b4 b9 94 fe 7f 00 00
R8 =0x0000009ac05fdc30 is pointing into the stack for thread: 0x00000272c189d660
R9 =0x0000009ac05fdc30 is pointing into the stack for thread: 0x00000272c189d660
R10=0x00007ffe60e2bbe0 cpu_device64.dll
R11=0x00007ffe94b9b4c8 OclCpuBackEnd64.dll
R12=0x00000272e6de7d00 points into unknown readable memory: 0x00007ffe60ebee18 | 18 ee eb 60 fe 7f 00 00
R13=0x00000272e6de7d60 points into unknown readable memory: 0x0000000000000002 | 02 00 00 00 00 00 00 00
R14=0x0000009ac05fdc48 is pointing into the stack for thread: 0x00000272c189d660
R15=0x0000009ac05fdc30 is pointing into the stack for thread: 0x00000272c189d660


Registers:
RAX=0x00007ffe94b9e700, RBX=0x00000272ea001010, RCX=0x00000272ea001000, RDX=0x0000009ac05fdc48
RSP=0x0000009ac05fdb68, RBP=0x00000272ea001000, RSI=0x00000272e7260050, RDI=0x00000272e94ee198
R8 =0x0000009ac05fdc30, R9 =0x0000009ac05fdc30, R10=0x00007ffe60e2bbe0, R11=0x00007ffe94b9b4c8
R12=0x00000272e6de7d00, R13=0x00000272e6de7d60, R14=0x0000009ac05fdc48, R15=0x0000009ac05fdc30
RIP=0x00000272e7260050, EFLAGS=0x0000000000010297

Top of Stack: (sp=0x0000009ac05fdb68)
0x0000009ac05fdb68:   00007ffe92e527bc 0000000000000001
0x0000009ac05fdb78:   0000009ac05fdb88 0000000000000000
0x0000009ac05fdb88:   00007ffea5102315 0000000100000009
0x0000009ac05fdb98:   0000000000000009 00007ffea5100108
0x0000009ac05fdba8:   00007ffe60e8f128 00000272e6a0ca20
0x0000009ac05fdbb8:   0000009ac05fdca0 0000000000000008
0x0000009ac05fdbc8:   fffffffffffffffe 0000000000000000
0x0000009ac05fdbd8:   0000000000000001 00000272e6df6888
0x0000009ac05fdbe8:   0000000000000001 00000272e6de7d50
0x0000009ac05fdbf8:   00000272e69f9e50 00000272e85ec440
0x0000009ac05fdc08:   00007ffe60de6c27 0000000000000000
0x0000009ac05fdc18:   0000000000000000 0000000000000000
0x0000009ac05fdc28:   0000000000000000 0000000000000000
0x0000009ac05fdc38:   0000000000000000 0000000000000000
0x0000009ac05fdc48:   0000000000000000 0000000000000000
0x0000009ac05fdc58:   0000000000000000 0000d07c85c378c5 

Instructions: (pc=0x00000272e7260050)
0x00000272e725ff50:   ?? ?? ?? ?? ?? ?? ?? ?? ?? ?? ?? ?? ?? ?? ?? ??
0x00000272e725ff60:   ?? ?? ?? ?? ?? ?? ?? ?? ?? ?? ?? ?? ?? ?? ?? ??
0x00000272e725ff70:   ?? ?? ?? ?? ?? ?? ?? ?? ?? ?? ?? ?? ?? ?? ?? ??
0x00000272e725ff80:   ?? ?? ?? ?? ?? ?? ?? ?? ?? ?? ?? ?? ?? ?? ?? ??
0x00000272e725ff90:   ?? ?? ?? ?? ?? ?? ?? ?? ?? ?? ?? ?? ?? ?? ?? ??
0x00000272e725ffa0:   ?? ?? ?? ?? ?? ?? ?? ?? ?? ?? ?? ?? ?? ?? ?? ??
0x00000272e725ffb0:   ?? ?? ?? ?? ?? ?? ?? ?? ?? ?? ?? ?? ?? ?? ?? ??
0x00000272e725ffc0:   ?? ?? ?? ?? ?? ?? ?? ?? ?? ?? ?? ?? ?? ?? ?? ??
0x00000272e725ffd0:   ?? ?? ?? ?? ?? ?? ?? ?? ?? ?? ?? ?? ?? ?? ?? ??
0x00000272e725ffe0:   ?? ?? ?? ?? ?? ?? ?? ?? ?? ?? ?? ?? ?? ?? ?? ??
0x00000272e725fff0:   ?? ?? ?? ?? ?? ?? ?? ?? ?? ?? ?? ?? ?? ?? ?? ??
0x00000272e7260000:   48 89 c8 4c 8b 44 24 38 4c 8b 4c 24 40 4c 8b 54
0x00000272e7260010:   24 48 48 8b 54 24 28 4c 8b 5a 38 48 8b 4a 40 48
0x00000272e7260020:   8b 52 48 4c 89 50 28 4c 89 48 18 4c 89 40 08 48
0x00000272e7260030:   89 50 30 48 89 48 20 4c 89 58 10 48 c7 00 01 00
0x00000272e7260040:   00 00 c3 66 66 66 66 2e 0f 1f 84 00 00 00 00 00
0x00000272e7260050:   0f 0b 00 00 00 00 00 00 00 00 00 00 00 00 00 00
0x00000272e7260060:   00 00 00 00 00 00 00 00 00 00 00 00 00 00 00 00
0x00000272e7260070:   00 00 00 00 00 00 00 00 00 00 00 00 00 00 00 00
0x00000272e7260080:   00 00 00 00 00 00 00 00 00 00 00 00 00 00 00 00
0x00000272e7260090:   00 00 00 00 00 00 00 00 00 00 00 00 00 00 00 00
0x00000272e72600a0:   00 00 00 00 00 00 00 00 00 00 00 00 00 00 00 00
0x00000272e72600b0:   00 00 00 00 00 00 00 00 00 00 00 00 00 00 00 00
0x00000272e72600c0:   00 00 00 00 00 00 00 00 00 00 00 00 00 00 00 00
0x00000272e72600d0:   00 00 00 00 00 00 00 00 00 00 00 00 00 00 00 00
0x00000272e72600e0:   00 00 00 00 00 00 00 00 00 00 00 00 00 00 00 00
0x00000272e72600f0:   00 00 00 00 00 00 00 00 00 00 00 00 00 00 00 00
0x00000272e7260100:   00 00 00 00 00 00 00 00 00 00 00 00 00 00 00 00
0x00000272e7260110:   00 00 00 00 00 00 00 00 00 00 00 00 00 00 00 00
0x00000272e7260120:   00 00 00 00 00 00 00 00 00 00 00 00 00 00 00 00
0x00000272e7260130:   00 00 00 00 00 00 00 00 00 00 00 00 00 00 00 00
0x00000272e7260140:   00 00 00 00 00 00 00 00 00 00 00 00 00 00 00 00 


Stack slot to memory mapping:
stack at sp + 0 slots: 0x00007ffe92e527bc OclCpuBackEnd64.dll
stack at sp + 1 slots: 0x0000000000000001 is an unknown value
stack at sp + 2 slots: 0x0000009ac05fdb88 is pointing into the stack for thread: 0x00000272c189d660
stack at sp + 3 slots: 0x0 is NULL
stack at sp + 4 slots: 0x00007ffea5102315 tbb12.dll
stack at sp + 5 slots: 0x0000000100000009 is an unknown value
stack at sp + 6 slots: 0x0000000000000009 is an unknown value
stack at sp + 7 slots: 0x00007ffea5100108 tbb12.dll


---------------  P R O C E S S  ---------------

Threads class SMR info:
_java_thread_list=0x00000272e692e670, length=13, elements={
0x00000272c189d660, 0x00000272e5c1fff0, 0x00000272e5c20e60, 0x00000272e5c34300,
0x00000272e5c34eb0, 0x00000272e5c37970, 0x00000272e5c38320, 0x00000272e5c39000,
0x00000272e5c8ea00, 0x00000272e6824810, 0x00000272e5c073f0, 0x00000272e69a1bf0,
0x00000272e69a20c0
}

Java Threads: ( => current thread )
=>0x00000272c189d660 JavaThread "main" [_thread_in_native, id=9684, stack(0x0000009ac0500000,0x0000009ac0600000)]
  0x00000272e5c1fff0 JavaThread "Reference Handler" daemon [_thread_blocked, id=14676, stack(0x0000009ac0c00000,0x0000009ac0d00000)]
  0x00000272e5c20e60 JavaThread "Finalizer" daemon [_thread_blocked, id=18108, stack(0x0000009ac0d00000,0x0000009ac0e00000)]
  0x00000272e5c34300 JavaThread "Signal Dispatcher" daemon [_thread_blocked, id=14956, stack(0x0000009ac0e00000,0x0000009ac0f00000)]
  0x00000272e5c34eb0 JavaThread "Attach Listener" daemon [_thread_blocked, id=2836, stack(0x0000009ac0f00000,0x0000009ac1000000)]
  0x00000272e5c37970 JavaThread "Service Thread" daemon [_thread_blocked, id=10284, stack(0x0000009ac1000000,0x0000009ac1100000)]
  0x00000272e5c38320 JavaThread "Monitor Deflation Thread" daemon [_thread_blocked, id=6288, stack(0x0000009ac1100000,0x0000009ac1200000)]
  0x00000272e5c39000 JavaThread "C2 CompilerThread0" daemon [_thread_blocked, id=18200, stack(0x0000009ac1200000,0x0000009ac1300000)]
  0x00000272e5c8ea00 JavaThread "C1 CompilerThread0" daemon [_thread_blocked, id=9776, stack(0x0000009ac1300000,0x0000009ac1400000)]
  0x00000272e6824810 JavaThread "Sweeper thread" daemon [_thread_blocked, id=10676, stack(0x0000009ac1400000,0x0000009ac1500000)]
  0x00000272e5c073f0 JavaThread "Common-Cleaner" daemon [_thread_blocked, id=9116, stack(0x0000009ac1500000,0x0000009ac1600000)]
  0x00000272e69a1bf0 JavaThread "Monitor Ctrl-Break" daemon [_thread_in_native, id=5940, stack(0x0000009ac1600000,0x0000009ac1700000)]
  0x00000272e69a20c0 JavaThread "Notification Thread" daemon [_thread_blocked, id=17576, stack(0x0000009ac1700000,0x0000009ac1800000)]

Other Threads:
  0x00000272e5c19f90 VMThread "VM Thread" [stack: 0x0000009ac0b00000,0x0000009ac0c00000] [id=1292]
  0x00000272c189e420 WatcherThread [stack: 0x0000009ac1800000,0x0000009ac1900000] [id=5432]
  0x00000272c18ea0f0 GCTaskThread "GC Thread#0" [stack: 0x0000009ac0600000,0x0000009ac0700000] [id=14264]
  0x00000272c18fbe80 ConcurrentGCThread "G1 Main Marker" [stack: 0x0000009ac0700000,0x0000009ac0800000] [id=16216]
  0x00000272c18fc890 ConcurrentGCThread "G1 Conc#0" [stack: 0x0000009ac0800000,0x0000009ac0900000] [id=13520]
  0x00000272c197dff0 ConcurrentGCThread "G1 Refine#0" [stack: 0x0000009ac0900000,0x0000009ac0a00000] [id=9876]
  0x00000272c197ea10 ConcurrentGCThread "G1 Service" [stack: 0x0000009ac0a00000,0x0000009ac0b00000] [id=10028]

Threads with active compile tasks:

VM state: not at safepoint (normal execution)

VM Mutex/Monitor currently owned by a thread: None

Heap address: 0x0000000701c00000, size: 4068 MB, Compressed Oops mode: Zero based, Oop shift amount: 3

CDS archive(s) mapped at: [0x0000000800000000-0x0000000800bc0000-0x0000000800bc0000), size 12320768, SharedBaseAddress: 0x0000000800000000, ArchiveRelocationMode: 0.
Compressed class space mapped at: 0x0000000800c00000-0x0000000840c00000, reserved size: 1073741824
Narrow klass base: 0x0000000800000000, Narrow klass shift: 0, Narrow klass range: 0x100000000

GC Precious Log:
 CPUs: 4 total, 4 available
 Memory: 16267M
 Large Page Support: Disabled
 NUMA Support: Disabled
 Compressed Oops: Enabled (Zero based)
 Heap Region Size: 2M
 Heap Min Capacity: 8M
 Heap Initial Capacity: 256M
 Heap Max Capacity: 4068M
 Pre-touch: Disabled
 Parallel Workers: 4
 Concurrent Workers: 1
 Concurrent Refinement Workers: 4
 Periodic GC: Disabled

Heap:
 garbage-first heap   total 262144K, used 4096K [0x0000000701c00000, 0x0000000800000000)
  region size 2048K, 3 young (6144K), 0 survivors (0K)
 Metaspace       used 1933K, committed 2112K, reserved 1056768K
  class space    used 176K, committed 256K, reserved 1048576K

Heap Regions: E=young(eden), S=young(survivor), O=old, HS=humongous(starts), HC=humongous(continues), CS=collection set, F=free, OA=open archive, CA=closed archive, TAMS=top-at-mark-start (previous, next)
|   0|0x0000000701c00000, 0x0000000701c00000, 0x0000000701e00000|  0%| F|  |TAMS 0x0000000701c00000, 0x0000000701c00000| Untracked 
|   1|0x0000000701e00000, 0x0000000701e00000, 0x0000000702000000|  0%| F|  |TAMS 0x0000000701e00000, 0x0000000701e00000| Untracked 
|   2|0x0000000702000000, 0x0000000702000000, 0x0000000702200000|  0%| F|  |TAMS 0x0000000702000000, 0x0000000702000000| Untracked 
|   3|0x0000000702200000, 0x0000000702200000, 0x0000000702400000|  0%| F|  |TAMS 0x0000000702200000, 0x0000000702200000| Untracked 
|   4|0x0000000702400000, 0x0000000702400000, 0x0000000702600000|  0%| F|  |TAMS 0x0000000702400000, 0x0000000702400000| Untracked 
|   5|0x0000000702600000, 0x0000000702600000, 0x0000000702800000|  0%| F|  |TAMS 0x0000000702600000, 0x0000000702600000| Untracked 
|   6|0x0000000702800000, 0x0000000702800000, 0x0000000702a00000|  0%| F|  |TAMS 0x0000000702800000, 0x0000000702800000| Untracked 
|   7|0x0000000702a00000, 0x0000000702a00000, 0x0000000702c00000|  0%| F|  |TAMS 0x0000000702a00000, 0x0000000702a00000| Untracked 
|   8|0x0000000702c00000, 0x0000000702c00000, 0x0000000702e00000|  0%| F|  |TAMS 0x0000000702c00000, 0x0000000702c00000| Untracked 
|   9|0x0000000702e00000, 0x0000000702e00000, 0x0000000703000000|  0%| F|  |TAMS 0x0000000702e00000, 0x0000000702e00000| Untracked 
|  10|0x0000000703000000, 0x0000000703000000, 0x0000000703200000|  0%| F|  |TAMS 0x0000000703000000, 0x0000000703000000| Untracked 
|  11|0x0000000703200000, 0x0000000703200000, 0x0000000703400000|  0%| F|  |TAMS 0x0000000703200000, 0x0000000703200000| Untracked 
|  12|0x0000000703400000, 0x0000000703400000, 0x0000000703600000|  0%| F|  |TAMS 0x0000000703400000, 0x0000000703400000| Untracked 
|  13|0x0000000703600000, 0x0000000703600000, 0x0000000703800000|  0%| F|  |TAMS 0x0000000703600000, 0x0000000703600000| Untracked 
|  14|0x0000000703800000, 0x0000000703800000, 0x0000000703a00000|  0%| F|  |TAMS 0x0000000703800000, 0x0000000703800000| Untracked 
|  15|0x0000000703a00000, 0x0000000703a00000, 0x0000000703c00000|  0%| F|  |TAMS 0x0000000703a00000, 0x0000000703a00000| Untracked 
|  16|0x0000000703c00000, 0x0000000703c00000, 0x0000000703e00000|  0%| F|  |TAMS 0x0000000703c00000, 0x0000000703c00000| Untracked 
|  17|0x0000000703e00000, 0x0000000703e00000, 0x0000000704000000|  0%| F|  |TAMS 0x0000000703e00000, 0x0000000703e00000| Untracked 
|  18|0x0000000704000000, 0x0000000704000000, 0x0000000704200000|  0%| F|  |TAMS 0x0000000704000000, 0x0000000704000000| Untracked 
|  19|0x0000000704200000, 0x0000000704200000, 0x0000000704400000|  0%| F|  |TAMS 0x0000000704200000, 0x0000000704200000| Untracked 
|  20|0x0000000704400000, 0x0000000704400000, 0x0000000704600000|  0%| F|  |TAMS 0x0000000704400000, 0x0000000704400000| Untracked 
|  21|0x0000000704600000, 0x0000000704600000, 0x0000000704800000|  0%| F|  |TAMS 0x0000000704600000, 0x0000000704600000| Untracked 
|  22|0x0000000704800000, 0x0000000704800000, 0x0000000704a00000|  0%| F|  |TAMS 0x0000000704800000, 0x0000000704800000| Untracked 
|  23|0x0000000704a00000, 0x0000000704a00000, 0x0000000704c00000|  0%| F|  |TAMS 0x0000000704a00000, 0x0000000704a00000| Untracked 
|  24|0x0000000704c00000, 0x0000000704c00000, 0x0000000704e00000|  0%| F|  |TAMS 0x0000000704c00000, 0x0000000704c00000| Untracked 
|  25|0x0000000704e00000, 0x0000000704e00000, 0x0000000705000000|  0%| F|  |TAMS 0x0000000704e00000, 0x0000000704e00000| Untracked 
|  26|0x0000000705000000, 0x0000000705000000, 0x0000000705200000|  0%| F|  |TAMS 0x0000000705000000, 0x0000000705000000| Untracked 
|  27|0x0000000705200000, 0x0000000705200000, 0x0000000705400000|  0%| F|  |TAMS 0x0000000705200000, 0x0000000705200000| Untracked 
|  28|0x0000000705400000, 0x0000000705400000, 0x0000000705600000|  0%| F|  |TAMS 0x0000000705400000, 0x0000000705400000| Untracked 
|  29|0x0000000705600000, 0x0000000705600000, 0x0000000705800000|  0%| F|  |TAMS 0x0000000705600000, 0x0000000705600000| Untracked 
|  30|0x0000000705800000, 0x0000000705800000, 0x0000000705a00000|  0%| F|  |TAMS 0x0000000705800000, 0x0000000705800000| Untracked 
|  31|0x0000000705a00000, 0x0000000705a00000, 0x0000000705c00000|  0%| F|  |TAMS 0x0000000705a00000, 0x0000000705a00000| Untracked 
|  32|0x0000000705c00000, 0x0000000705c00000, 0x0000000705e00000|  0%| F|  |TAMS 0x0000000705c00000, 0x0000000705c00000| Untracked 
|  33|0x0000000705e00000, 0x0000000705e00000, 0x0000000706000000|  0%| F|  |TAMS 0x0000000705e00000, 0x0000000705e00000| Untracked 
|  34|0x0000000706000000, 0x0000000706000000, 0x0000000706200000|  0%| F|  |TAMS 0x0000000706000000, 0x0000000706000000| Untracked 
|  35|0x0000000706200000, 0x0000000706200000, 0x0000000706400000|  0%| F|  |TAMS 0x0000000706200000, 0x0000000706200000| Untracked 
|  36|0x0000000706400000, 0x0000000706400000, 0x0000000706600000|  0%| F|  |TAMS 0x0000000706400000, 0x0000000706400000| Untracked 
|  37|0x0000000706600000, 0x0000000706600000, 0x0000000706800000|  0%| F|  |TAMS 0x0000000706600000, 0x0000000706600000| Untracked 
|  38|0x0000000706800000, 0x0000000706800000, 0x0000000706a00000|  0%| F|  |TAMS 0x0000000706800000, 0x0000000706800000| Untracked 
|  39|0x0000000706a00000, 0x0000000706a00000, 0x0000000706c00000|  0%| F|  |TAMS 0x0000000706a00000, 0x0000000706a00000| Untracked 
|  40|0x0000000706c00000, 0x0000000706c00000, 0x0000000706e00000|  0%| F|  |TAMS 0x0000000706c00000, 0x0000000706c00000| Untracked 
|  41|0x0000000706e00000, 0x0000000706e00000, 0x0000000707000000|  0%| F|  |TAMS 0x0000000706e00000, 0x0000000706e00000| Untracked 
|  42|0x0000000707000000, 0x0000000707000000, 0x0000000707200000|  0%| F|  |TAMS 0x0000000707000000, 0x0000000707000000| Untracked 
|  43|0x0000000707200000, 0x0000000707200000, 0x0000000707400000|  0%| F|  |TAMS 0x0000000707200000, 0x0000000707200000| Untracked 
|  44|0x0000000707400000, 0x0000000707400000, 0x0000000707600000|  0%| F|  |TAMS 0x0000000707400000, 0x0000000707400000| Untracked 
|  45|0x0000000707600000, 0x0000000707600000, 0x0000000707800000|  0%| F|  |TAMS 0x0000000707600000, 0x0000000707600000| Untracked 
|  46|0x0000000707800000, 0x0000000707800000, 0x0000000707a00000|  0%| F|  |TAMS 0x0000000707800000, 0x0000000707800000| Untracked 
|  47|0x0000000707a00000, 0x0000000707a00000, 0x0000000707c00000|  0%| F|  |TAMS 0x0000000707a00000, 0x0000000707a00000| Untracked 
|  48|0x0000000707c00000, 0x0000000707c00000, 0x0000000707e00000|  0%| F|  |TAMS 0x0000000707c00000, 0x0000000707c00000| Untracked 
|  49|0x0000000707e00000, 0x0000000707e00000, 0x0000000708000000|  0%| F|  |TAMS 0x0000000707e00000, 0x0000000707e00000| Untracked 
|  50|0x0000000708000000, 0x0000000708000000, 0x0000000708200000|  0%| F|  |TAMS 0x0000000708000000, 0x0000000708000000| Untracked 
|  51|0x0000000708200000, 0x0000000708200000, 0x0000000708400000|  0%| F|  |TAMS 0x0000000708200000, 0x0000000708200000| Untracked 
|  52|0x0000000708400000, 0x0000000708400000, 0x0000000708600000|  0%| F|  |TAMS 0x0000000708400000, 0x0000000708400000| Untracked 
|  53|0x0000000708600000, 0x0000000708600000, 0x0000000708800000|  0%| F|  |TAMS 0x0000000708600000, 0x0000000708600000| Untracked 
|  54|0x0000000708800000, 0x0000000708800000, 0x0000000708a00000|  0%| F|  |TAMS 0x0000000708800000, 0x0000000708800000| Untracked 
|  55|0x0000000708a00000, 0x0000000708a00000, 0x0000000708c00000|  0%| F|  |TAMS 0x0000000708a00000, 0x0000000708a00000| Untracked 
|  56|0x0000000708c00000, 0x0000000708c00000, 0x0000000708e00000|  0%| F|  |TAMS 0x0000000708c00000, 0x0000000708c00000| Untracked 
|  57|0x0000000708e00000, 0x0000000708e00000, 0x0000000709000000|  0%| F|  |TAMS 0x0000000708e00000, 0x0000000708e00000| Untracked 
|  58|0x0000000709000000, 0x0000000709000000, 0x0000000709200000|  0%| F|  |TAMS 0x0000000709000000, 0x0000000709000000| Untracked 
|  59|0x0000000709200000, 0x0000000709200000, 0x0000000709400000|  0%| F|  |TAMS 0x0000000709200000, 0x0000000709200000| Untracked 
|  60|0x0000000709400000, 0x0000000709400000, 0x0000000709600000|  0%| F|  |TAMS 0x0000000709400000, 0x0000000709400000| Untracked 
|  61|0x0000000709600000, 0x0000000709600000, 0x0000000709800000|  0%| F|  |TAMS 0x0000000709600000, 0x0000000709600000| Untracked 
|  62|0x0000000709800000, 0x0000000709800000, 0x0000000709a00000|  0%| F|  |TAMS 0x0000000709800000, 0x0000000709800000| Untracked 
|  63|0x0000000709a00000, 0x0000000709a00000, 0x0000000709c00000|  0%| F|  |TAMS 0x0000000709a00000, 0x0000000709a00000| Untracked 
|  64|0x0000000709c00000, 0x0000000709c00000, 0x0000000709e00000|  0%| F|  |TAMS 0x0000000709c00000, 0x0000000709c00000| Untracked 
|  65|0x0000000709e00000, 0x0000000709e00000, 0x000000070a000000|  0%| F|  |TAMS 0x0000000709e00000, 0x0000000709e00000| Untracked 
|  66|0x000000070a000000, 0x000000070a000000, 0x000000070a200000|  0%| F|  |TAMS 0x000000070a000000, 0x000000070a000000| Untracked 
|  67|0x000000070a200000, 0x000000070a200000, 0x000000070a400000|  0%| F|  |TAMS 0x000000070a200000, 0x000000070a200000| Untracked 
|  68|0x000000070a400000, 0x000000070a400000, 0x000000070a600000|  0%| F|  |TAMS 0x000000070a400000, 0x000000070a400000| Untracked 
|  69|0x000000070a600000, 0x000000070a600000, 0x000000070a800000|  0%| F|  |TAMS 0x000000070a600000, 0x000000070a600000| Untracked 
|  70|0x000000070a800000, 0x000000070a800000, 0x000000070aa00000|  0%| F|  |TAMS 0x000000070a800000, 0x000000070a800000| Untracked 
|  71|0x000000070aa00000, 0x000000070aa00000, 0x000000070ac00000|  0%| F|  |TAMS 0x000000070aa00000, 0x000000070aa00000| Untracked 
|  72|0x000000070ac00000, 0x000000070ac00000, 0x000000070ae00000|  0%| F|  |TAMS 0x000000070ac00000, 0x000000070ac00000| Untracked 
|  73|0x000000070ae00000, 0x000000070ae00000, 0x000000070b000000|  0%| F|  |TAMS 0x000000070ae00000, 0x000000070ae00000| Untracked 
|  74|0x000000070b000000, 0x000000070b000000, 0x000000070b200000|  0%| F|  |TAMS 0x000000070b000000, 0x000000070b000000| Untracked 
|  75|0x000000070b200000, 0x000000070b200000, 0x000000070b400000|  0%| F|  |TAMS 0x000000070b200000, 0x000000070b200000| Untracked 
|  76|0x000000070b400000, 0x000000070b400000, 0x000000070b600000|  0%| F|  |TAMS 0x000000070b400000, 0x000000070b400000| Untracked 
|  77|0x000000070b600000, 0x000000070b600000, 0x000000070b800000|  0%| F|  |TAMS 0x000000070b600000, 0x000000070b600000| Untracked 
|  78|0x000000070b800000, 0x000000070b800000, 0x000000070ba00000|  0%| F|  |TAMS 0x000000070b800000, 0x000000070b800000| Untracked 
|  79|0x000000070ba00000, 0x000000070ba00000, 0x000000070bc00000|  0%| F|  |TAMS 0x000000070ba00000, 0x000000070ba00000| Untracked 
|  80|0x000000070bc00000, 0x000000070bc00000, 0x000000070be00000|  0%| F|  |TAMS 0x000000070bc00000, 0x000000070bc00000| Untracked 
|  81|0x000000070be00000, 0x000000070be00000, 0x000000070c000000|  0%| F|  |TAMS 0x000000070be00000, 0x000000070be00000| Untracked 
|  82|0x000000070c000000, 0x000000070c000000, 0x000000070c200000|  0%| F|  |TAMS 0x000000070c000000, 0x000000070c000000| Untracked 
|  83|0x000000070c200000, 0x000000070c200000, 0x000000070c400000|  0%| F|  |TAMS 0x000000070c200000, 0x000000070c200000| Untracked 
|  84|0x000000070c400000, 0x000000070c400000, 0x000000070c600000|  0%| F|  |TAMS 0x000000070c400000, 0x000000070c400000| Untracked 
|  85|0x000000070c600000, 0x000000070c600000, 0x000000070c800000|  0%| F|  |TAMS 0x000000070c600000, 0x000000070c600000| Untracked 
|  86|0x000000070c800000, 0x000000070c800000, 0x000000070ca00000|  0%| F|  |TAMS 0x000000070c800000, 0x000000070c800000| Untracked 
|  87|0x000000070ca00000, 0x000000070ca00000, 0x000000070cc00000|  0%| F|  |TAMS 0x000000070ca00000, 0x000000070ca00000| Untracked 
|  88|0x000000070cc00000, 0x000000070cc00000, 0x000000070ce00000|  0%| F|  |TAMS 0x000000070cc00000, 0x000000070cc00000| Untracked 
|  89|0x000000070ce00000, 0x000000070ce00000, 0x000000070d000000|  0%| F|  |TAMS 0x000000070ce00000, 0x000000070ce00000| Untracked 
|  90|0x000000070d000000, 0x000000070d000000, 0x000000070d200000|  0%| F|  |TAMS 0x000000070d000000, 0x000000070d000000| Untracked 
|  91|0x000000070d200000, 0x000000070d200000, 0x000000070d400000|  0%| F|  |TAMS 0x000000070d200000, 0x000000070d200000| Untracked 
|  92|0x000000070d400000, 0x000000070d400000, 0x000000070d600000|  0%| F|  |TAMS 0x000000070d400000, 0x000000070d400000| Untracked 
|  93|0x000000070d600000, 0x000000070d600000, 0x000000070d800000|  0%| F|  |TAMS 0x000000070d600000, 0x000000070d600000| Untracked 
|  94|0x000000070d800000, 0x000000070d800000, 0x000000070da00000|  0%| F|  |TAMS 0x000000070d800000, 0x000000070d800000| Untracked 
|  95|0x000000070da00000, 0x000000070da00000, 0x000000070dc00000|  0%| F|  |TAMS 0x000000070da00000, 0x000000070da00000| Untracked 
|  96|0x000000070dc00000, 0x000000070dc00000, 0x000000070de00000|  0%| F|  |TAMS 0x000000070dc00000, 0x000000070dc00000| Untracked 
|  97|0x000000070de00000, 0x000000070de00000, 0x000000070e000000|  0%| F|  |TAMS 0x000000070de00000, 0x000000070de00000| Untracked 
|  98|0x000000070e000000, 0x000000070e000000, 0x000000070e200000|  0%| F|  |TAMS 0x000000070e000000, 0x000000070e000000| Untracked 
|  99|0x000000070e200000, 0x000000070e200000, 0x000000070e400000|  0%| F|  |TAMS 0x000000070e200000, 0x000000070e200000| Untracked 
| 100|0x000000070e400000, 0x000000070e400000, 0x000000070e600000|  0%| F|  |TAMS 0x000000070e400000, 0x000000070e400000| Untracked 
| 101|0x000000070e600000, 0x000000070e600000, 0x000000070e800000|  0%| F|  |TAMS 0x000000070e600000, 0x000000070e600000| Untracked 
| 102|0x000000070e800000, 0x000000070e800000, 0x000000070ea00000|  0%| F|  |TAMS 0x000000070e800000, 0x000000070e800000| Untracked 
| 103|0x000000070ea00000, 0x000000070ea00000, 0x000000070ec00000|  0%| F|  |TAMS 0x000000070ea00000, 0x000000070ea00000| Untracked 
| 104|0x000000070ec00000, 0x000000070ec00000, 0x000000070ee00000|  0%| F|  |TAMS 0x000000070ec00000, 0x000000070ec00000| Untracked 
| 105|0x000000070ee00000, 0x000000070ee00000, 0x000000070f000000|  0%| F|  |TAMS 0x000000070ee00000, 0x000000070ee00000| Untracked 
| 106|0x000000070f000000, 0x000000070f000000, 0x000000070f200000|  0%| F|  |TAMS 0x000000070f000000, 0x000000070f000000| Untracked 
| 107|0x000000070f200000, 0x000000070f200000, 0x000000070f400000|  0%| F|  |TAMS 0x000000070f200000, 0x000000070f200000| Untracked 
| 108|0x000000070f400000, 0x000000070f400000, 0x000000070f600000|  0%| F|  |TAMS 0x000000070f400000, 0x000000070f400000| Untracked 
| 109|0x000000070f600000, 0x000000070f600000, 0x000000070f800000|  0%| F|  |TAMS 0x000000070f600000, 0x000000070f600000| Untracked 
| 110|0x000000070f800000, 0x000000070f800000, 0x000000070fa00000|  0%| F|  |TAMS 0x000000070f800000, 0x000000070f800000| Untracked 
| 111|0x000000070fa00000, 0x000000070fa00000, 0x000000070fc00000|  0%| F|  |TAMS 0x000000070fa00000, 0x000000070fa00000| Untracked 
| 112|0x000000070fc00000, 0x000000070fc00000, 0x000000070fe00000|  0%| F|  |TAMS 0x000000070fc00000, 0x000000070fc00000| Untracked 
| 113|0x000000070fe00000, 0x000000070fe00000, 0x0000000710000000|  0%| F|  |TAMS 0x000000070fe00000, 0x000000070fe00000| Untracked 
| 114|0x0000000710000000, 0x0000000710000000, 0x0000000710200000|  0%| F|  |TAMS 0x0000000710000000, 0x0000000710000000| Untracked 
| 115|0x0000000710200000, 0x0000000710200000, 0x0000000710400000|  0%| F|  |TAMS 0x0000000710200000, 0x0000000710200000| Untracked 
| 116|0x0000000710400000, 0x0000000710400000, 0x0000000710600000|  0%| F|  |TAMS 0x0000000710400000, 0x0000000710400000| Untracked 
| 117|0x0000000710600000, 0x0000000710600000, 0x0000000710800000|  0%| F|  |TAMS 0x0000000710600000, 0x0000000710600000| Untracked 
| 118|0x0000000710800000, 0x0000000710800000, 0x0000000710a00000|  0%| F|  |TAMS 0x0000000710800000, 0x0000000710800000| Untracked 
| 119|0x0000000710a00000, 0x0000000710a00000, 0x0000000710c00000|  0%| F|  |TAMS 0x0000000710a00000, 0x0000000710a00000| Untracked 
| 120|0x0000000710c00000, 0x0000000710c00000, 0x0000000710e00000|  0%| F|  |TAMS 0x0000000710c00000, 0x0000000710c00000| Untracked 
| 121|0x0000000710e00000, 0x0000000710e00000, 0x0000000711000000|  0%| F|  |TAMS 0x0000000710e00000, 0x0000000710e00000| Untracked 
| 122|0x0000000711000000, 0x0000000711000000, 0x0000000711200000|  0%| F|  |TAMS 0x0000000711000000, 0x0000000711000000| Untracked 
| 123|0x0000000711200000, 0x0000000711200000, 0x0000000711400000|  0%| F|  |TAMS 0x0000000711200000, 0x0000000711200000| Untracked 
| 124|0x0000000711400000, 0x0000000711400000, 0x0000000711600000|  0%| F|  |TAMS 0x0000000711400000, 0x0000000711400000| Untracked 
| 125|0x0000000711600000, 0x0000000711733d68, 0x0000000711800000| 60%| E|  |TAMS 0x0000000711600000, 0x0000000711600000| Complete 
| 126|0x0000000711800000, 0x0000000711a00000, 0x0000000711a00000|100%| E|CS|TAMS 0x0000000711800000, 0x0000000711800000| Complete 
| 127|0x0000000711a00000, 0x0000000711c00000, 0x0000000711c00000|100%| E|CS|TAMS 0x0000000711a00000, 0x0000000711a00000| Complete 

Card table byte_map: [0x00000272da6d0000,0x00000272daed0000] _byte_map_base: 0x00000272d6ec2000

Marking Bits (Prev, Next): (CMBitMap*) 0x00000272c18eb710, (CMBitMap*) 0x00000272c18eb750
 Prev Bits: [0x00000272db6d0000, 0x00000272df660000)
 Next Bits: [0x00000272df660000, 0x00000272e35f0000)

Polling page: 0x00000272c1980000

Metaspace:

Usage:
  Non-class:      1.72 MB used.
      Class:    176.33 KB used.
       Both:      1.89 MB used.

Virtual space:
  Non-class space:        8.00 MB reserved,       1.81 MB ( 23%) committed,  1 nodes.
      Class space:        1.00 GB reserved,     256.00 KB ( <1%) committed,  1 nodes.
             Both:        1.01 GB reserved,       2.06 MB ( <1%) committed. 

Chunk freelists:
   Non-Class:  3.68 MB
       Class:  3.67 MB
        Both:  7.35 MB

MaxMetaspaceSize: unlimited
CompressedClassSpaceSize: 1.00 GB
Initial GC threshold: 21.00 MB
Current GC threshold: 21.00 MB
CDS: on
MetaspaceReclaimPolicy: balanced
 - commit_granule_bytes: 65536.
 - commit_granule_words: 8192.
 - virtual_space_node_default_size: 1048576.
 - enlarge_chunks_in_place: 1.
 - new_chunks_are_fully_committed: 0.
 - uncommit_free_chunks: 1.
 - use_allocation_guard: 0.
 - handle_deallocations: 1.


Internal statistics:

num_allocs_failed_limit: 0.
num_arena_births: 84.
num_arena_deaths: 0.
num_vsnodes_births: 2.
num_vsnodes_deaths: 0.
num_space_committed: 33.
num_space_uncommitted: 0.
num_chunks_returned_to_freelist: 0.
num_chunks_taken_from_freelist: 111.
num_chunk_merges: 0.
num_chunk_splits: 74.
num_chunks_enlarged: 46.
num_purges: 0.
num_inconsistent_stats: 0.

CodeHeap 'non-profiled nmethods': size=120000Kb used=174Kb max_used=174Kb free=119825Kb
 bounds [0x00000272d2380000, 0x00000272d25f0000, 0x00000272d98b0000]
CodeHeap 'profiled nmethods': size=120000Kb used=695Kb max_used=695Kb free=119304Kb
 bounds [0x00000272cae50000, 0x00000272cb0c0000, 0x00000272d2380000]
CodeHeap 'non-nmethods': size=5760Kb used=1167Kb max_used=1181Kb free=4592Kb
 bounds [0x00000272ca8b0000, 0x00000272cab20000, 0x00000272cae50000]
 total_blobs=980 nmethods=517 adapters=376
 compilation: enabled
              stopped_count=0, restarted_count=0
 full_count=0

Compilation events (20 events):
Event: 1.369 Thread 0x00000272e5c8ea00 nmethod 510 0x00000272caefc990 code [0x00000272caefcb40, 0x00000272caefcda8]
Event: 1.369 Thread 0x00000272e5c8ea00  508       1       java.time.temporal.ChronoField::range (5 bytes)
Event: 1.369 Thread 0x00000272e5c39000 nmethod 494 0x00000272d23aa410 code [0x00000272d23aa580, 0x00000272d23aa6b8]
Event: 1.369 Thread 0x00000272e5c39000  500       4       java.nio.DirectByteBuffer::ix (10 bytes)
Event: 1.369 Thread 0x00000272e5c8ea00 nmethod 508 0x00000272d23aa710 code [0x00000272d23aa8a0, 0x00000272d23aa978]
Event: 1.369 Thread 0x00000272e5c8ea00  509       1       java.time.ZoneOffset::getTotalSeconds (5 bytes)
Event: 1.370 Thread 0x00000272e5c8ea00 nmethod 509 0x00000272d23aaa10 code [0x00000272d23aaba0, 0x00000272d23aac78]
Event: 1.370 Thread 0x00000272e5c8ea00  513       3       java.time.temporal.ValueRange::isValidValue (24 bytes)
Event: 1.370 Thread 0x00000272e5c39000 nmethod 500 0x00000272d23aad10 code [0x00000272d23aae80, 0x00000272d23aaef8]
Event: 1.370 Thread 0x00000272e5c8ea00 nmethod 513 0x00000272caefce90 code [0x00000272caefd020, 0x00000272caefd1f8]
Event: 1.370 Thread 0x00000272e5c8ea00  511       1       java.time.zone.ZoneOffsetTransition::getOffsetAfter (5 bytes)
Event: 1.370 Thread 0x00000272e5c8ea00 nmethod 511 0x00000272d23ab010 code [0x00000272d23ab1a0, 0x00000272d23ab278]
Event: 1.370 Thread 0x00000272e5c8ea00  512       1       java.time.zone.ZoneOffsetTransition::getOffsetBefore (5 bytes)
Event: 1.370 Thread 0x00000272e5c8ea00 nmethod 512 0x00000272d23ab310 code [0x00000272d23ab4a0, 0x00000272d23ab578]
Event: 1.372 Thread 0x00000272e5c8ea00  515       3       jdk.internal.org.objectweb.asm.SymbolTable::hash (15 bytes)
Event: 1.372 Thread 0x00000272e5c8ea00 nmethod 515 0x00000272caefd290 code [0x00000272caefd440, 0x00000272caefd5d8]
Event: 1.372 Thread 0x00000272e5c8ea00  516       3       jdk.internal.org.objectweb.asm.SymbolTable$Entry::<init> (18 bytes)
Event: 1.372 Thread 0x00000272e5c8ea00 nmethod 516 0x00000272caefd710 code [0x00000272caefd8c0, 0x00000272caefda48]
Event: 1.373 Thread 0x00000272e5c8ea00  517       3       java.lang.Math::floorMod (29 bytes)
Event: 1.373 Thread 0x00000272e5c8ea00 nmethod 517 0x00000272caefdb10 code [0x00000272caefdca0, 0x00000272caefde58]

GC Heap History (0 events):
No events

Deoptimization events (0 events):
No events

Classes unloaded (0 events):
No events

Classes redefined (0 events):
No events

Internal exceptions (4 events):
Event: 0.349 Thread 0x00000272e69a1bf0 Exception <a 'java/lang/NoSuchMethodError'{0x00000007118048f8}: 'java.lang.Object java.lang.invoke.DirectMethodHandle$Holder.invokeStaticInit(java.lang.Object)'> (0x00000007118048f8) 
thrown [t:\workspace\open\src\hotspot\share\interpreter\linkResolver.cpp, line 766]
Event: 0.363 Thread 0x00000272e69a1bf0 Exception <a 'java/lang/NoSuchMethodError'{0x0000000711812370}: 'void java.lang.invoke.DirectMethodHandle$Holder.invokeStatic(java.lang.Object, java.lang.Object)'> (0x0000000711812370) 
thrown [t:\workspace\open\src\hotspot\share\interpreter\linkResolver.cpp, line 766]
Event: 0.523 Thread 0x00000272c189d660 Exception <a 'java/lang/NoSuchMethodError'{0x0000000711953ba8}: 'java.lang.Object java.lang.invoke.DirectMethodHandle$Holder.invokeSpecial(java.lang.Object, java.lang.Object, int, java.lang.Object, java.lang.Object)'> (0x0000000711953ba8) 
thrown [t:\workspace\open\src\hotspot\share\interpreter\linkResolver.cpp, line 766]
Event: 1.371 Thread 0x00000272c189d660 Exception <a 'java/lang/NoSuchMethodError'{0x00000007116f4e78}: 'java.lang.Object java.lang.invoke.DirectMethodHandle$Holder.invokeStatic(java.lang.Object, int, java.lang.Object)'> (0x00000007116f4e78) 
thrown [t:\workspace\open\src\hotspot\share\interpreter\linkResolver.cpp, line 766]

VM Operations (6 events):
Event: 0.207 Executing VM operation: HandshakeAllThreads
Event: 0.207 Executing VM operation: HandshakeAllThreads done
Event: 0.346 Executing VM operation: HandshakeAllThreads
Event: 0.346 Executing VM operation: HandshakeAllThreads done
Event: 1.346 Executing VM operation: Cleanup
Event: 1.346 Executing VM operation: Cleanup done

Events (20 events):
Event: 1.352 loading class java/time/zone/ZoneRulesProvider$1
Event: 1.352 loading class java/time/zone/ZoneRulesProvider$1 done
Event: 1.352 loading class java/time/zone/TzdbZoneRulesProvider
Event: 1.352 loading class java/time/zone/TzdbZoneRulesProvider done
Event: 1.363 loading class java/time/zone/Ser
Event: 1.363 loading class java/io/Externalizable
Event: 1.363 loading class java/io/Externalizable done
Event: 1.363 loading class java/time/zone/Ser done
Event: 1.364 loading class java/time/Month
Event: 1.364 loading class java/time/Month done
Event: 1.364 loading class java/time/DayOfWeek
Event: 1.364 loading class java/time/DayOfWeek done
Event: 1.365 loading class java/time/zone/ZoneOffsetTransitionRule$TimeDefinition
Event: 1.365 loading class java/time/zone/ZoneOffsetTransitionRule$TimeDefinition done
Event: 1.367 loading class java/time/zone/ZoneOffsetTransition
Event: 1.367 loading class java/time/zone/ZoneOffsetTransition done
Event: 1.370 loading class java/time/temporal/TemporalAdjusters
Event: 1.370 loading class java/time/temporal/TemporalAdjusters done
Event: 1.372 loading class java/time/zone/ZoneOffsetTransitionRule$1
Event: 1.373 loading class java/time/zone/ZoneOffsetTransitionRule$1 done


Dynamic libraries:
0x00007ff72ffb0000 - 0x00007ff72ffbe000 	C:\Users\ja\.jdks\openjdk-17\bin\java.exe
0x00007ffed1090000 - 0x00007ffed1285000 	C:\WINDOWS\SYSTEM32\ntdll.dll
0x00007ffecf960000 - 0x00007ffecfa1e000 	C:\WINDOWS\System32\KERNEL32.DLL
0x00007ffececb0000 - 0x00007ffecef79000 	C:\WINDOWS\System32\KERNELBASE.dll
0x00007ffece9a0000 - 0x00007ffeceaa0000 	C:\WINDOWS\System32\ucrtbase.dll
0x00007ffeca180000 - 0x00007ffeca198000 	C:\Users\ja\.jdks\openjdk-17\bin\jli.dll
0x00007ffed0ea0000 - 0x00007ffed1041000 	C:\WINDOWS\System32\USER32.dll
0x00007ffeceb40000 - 0x00007ffeceb62000 	C:\WINDOWS\System32\win32u.dll
0x00007ffeca160000 - 0x00007ffeca17a000 	C:\Users\ja\.jdks\openjdk-17\bin\VCRUNTIME140.dll
0x00007ffecf810000 - 0x00007ffecf83b000 	C:\WINDOWS\System32\GDI32.dll
0x00007ffec0590000 - 0x00007ffec082a000 	C:\WINDOWS\WinSxS\amd64_microsoft.windows.common-controls_6595b64144ccf1df_6.0.19041.1110_none_60b5254171f9507e\COMCTL32.dll
0x00007ffeceba0000 - 0x00007ffececab000 	C:\WINDOWS\System32\gdi32full.dll
0x00007ffed0470000 - 0x00007ffed050e000 	C:\WINDOWS\System32\msvcrt.dll
0x00007ffeceaa0000 - 0x00007ffeceb3d000 	C:\WINDOWS\System32\msvcp_win.dll
0x00007ffed0160000 - 0x00007ffed0190000 	C:\WINDOWS\System32\IMM32.DLL
0x00007ffeca3b0000 - 0x00007ffeca3bc000 	C:\Users\ja\.jdks\openjdk-17\bin\vcruntime140_1.dll
0x00007ffec7450000 - 0x00007ffec74dd000 	C:\Users\ja\.jdks\openjdk-17\bin\msvcp140.dll
0x00007ffe98000000 - 0x00007ffe98bbe000 	C:\Users\ja\.jdks\openjdk-17\bin\server\jvm.dll
0x00007ffed03b0000 - 0x00007ffed045c000 	C:\WINDOWS\System32\ADVAPI32.dll
0x00007ffed0d90000 - 0x00007ffed0e2b000 	C:\WINDOWS\System32\sechost.dll
0x00007ffecf310000 - 0x00007ffecf43a000 	C:\WINDOWS\System32\RPCRT4.dll
0x00007ffed03a0000 - 0x00007ffed03a8000 	C:\WINDOWS\System32\PSAPI.DLL
0x00007ffec7770000 - 0x00007ffec7779000 	C:\WINDOWS\SYSTEM32\WSOCK32.dll
0x00007ffed0e30000 - 0x00007ffed0e9b000 	C:\WINDOWS\System32\WS2_32.dll
0x00007ffebe2c0000 - 0x00007ffebe2e7000 	C:\WINDOWS\SYSTEM32\WINMM.dll
0x00007ffebf0b0000 - 0x00007ffebf0ba000 	C:\WINDOWS\SYSTEM32\VERSION.dll
0x00007ffecc890000 - 0x00007ffecc8a2000 	C:\WINDOWS\SYSTEM32\kernel.appcore.dll
0x00007ffeca140000 - 0x00007ffeca14a000 	C:\Users\ja\.jdks\openjdk-17\bin\jimage.dll
0x00007ffeba3f0000 - 0x00007ffeba5d4000 	C:\WINDOWS\SYSTEM32\DBGHELP.DLL
0x00007ffeba630000 - 0x00007ffeba65c000 	C:\WINDOWS\SYSTEM32\dbgcore.DLL
0x00007ffece7b0000 - 0x00007ffece833000 	C:\WINDOWS\System32\bcryptPrimitives.dll
0x00007ffeca130000 - 0x00007ffeca13e000 	C:\Users\ja\.jdks\openjdk-17\bin\instrument.dll
0x00007ffec88c0000 - 0x00007ffec88e5000 	C:\Users\ja\.jdks\openjdk-17\bin\java.dll
0x00007ffebf890000 - 0x00007ffebf966000 	C:\Users\ja\.jdks\openjdk-17\bin\svml.dll
0x00007ffecfa20000 - 0x00007ffed015f000 	C:\WINDOWS\System32\SHELL32.dll
0x00007ffecc8b0000 - 0x00007ffecd040000 	C:\WINDOWS\SYSTEM32\windows.storage.dll
0x00007ffecf440000 - 0x00007ffecf795000 	C:\WINDOWS\System32\combase.dll
0x00007ffece190000 - 0x00007ffece1bc000 	C:\WINDOWS\SYSTEM32\Wldp.dll
0x00007ffed0ce0000 - 0x00007ffed0d8d000 	C:\WINDOWS\System32\SHCORE.dll
0x00007ffed0190000 - 0x00007ffed01e5000 	C:\WINDOWS\System32\shlwapi.dll
0x00007ffece6f0000 - 0x00007ffece70f000 	C:\WINDOWS\SYSTEM32\profapi.dll
0x00007ffec7410000 - 0x00007ffec7428000 	C:\Users\ja\.jdks\openjdk-17\bin\zip.dll
0x00007ffec7590000 - 0x00007ffec75a9000 	C:\Users\ja\.jdks\openjdk-17\bin\net.dll
0x00007ffec4050000 - 0x00007ffec4158000 	C:\WINDOWS\SYSTEM32\WINHTTP.dll
0x00007ffecdef0000 - 0x00007ffecdf5a000 	C:\WINDOWS\system32\mswsock.dll
0x00007ffec7430000 - 0x00007ffec7445000 	C:\Users\ja\.jdks\openjdk-17\bin\nio.dll
0x00007ffec73c0000 - 0x00007ffec73da000 	C:\Program Files\JetBrains\IntelliJ IDEA Community Edition 2020.3.2\bin\breakgen64.dll
0x00007ffec7050000 - 0x00007ffec708d000 	C:\Users\ja\AppData\Local\Temp\JOCL_2_0_2-windows-x86_64.dll
0x00007ffece100000 - 0x00007ffece10c000 	C:\WINDOWS\SYSTEM32\CRYPTBASE.DLL
0x00007ffe67010000 - 0x00007ffe67086000 	C:\WINDOWS\SYSTEM32\OpenCL.dll
0x00007ffece840000 - 0x00007ffece88e000 	C:\WINDOWS\System32\CFGMGR32.dll
0x00007ffed05a0000 - 0x00007ffed06ca000 	C:\WINDOWS\System32\ole32.dll
0x00007ffecf180000 - 0x00007ffecf229000 	C:\WINDOWS\System32\clbcatq.dll
0x00007ffe60f00000 - 0x00007ffe610a9000 	C:\Program Files (x86)\Common Files\Intel\Shared Libraries\intel64\intelocl64.dll
0x00007ffe60e70000 - 0x00007ffe60ef6000 	C:\Program Files (x86)\Common Files\Intel\Shared Libraries\intel64\task_executor64.dll
0x00007ffe60dd0000 - 0x00007ffe60e61000 	C:\Program Files (x86)\Common Files\Intel\Shared Libraries\intel64\cpu_device64.dll
0x00007ffea5100000 - 0x00007ffea515f000 	C:\Program Files (x86)\Common Files\Intel\Shared Libraries\intel64\tbb12.dll
0x00007ffea4a90000 - 0x00007ffea4aea000 	C:\Program Files (x86)\Common Files\Intel\Shared Libraries\intel64\tbbmalloc.dll
0x00007ffe92d80000 - 0x00007ffe958bd000 	C:\Program Files (x86)\Common Files\Intel\Shared Libraries\intel64\OclCpuBackEnd64.dll
0x00007ffe928a0000 - 0x00007ffe92d7c000 	C:\Program Files (x86)\Common Files\Intel\Shared Libraries\intel64\__ocl_svml_e9.dll
0x00007ffe92460000 - 0x00007ffe92891000 	C:\Program Files (x86)\Common Files\Intel\Shared Libraries\intel64\clang_compiler64.dll
0x00007ffe46200000 - 0x00007ffe4b6d6000 	C:\Program Files (x86)\Common Files\Intel\Shared Libraries\intel64\common_clang64.dll
0x00007ffed0bb0000 - 0x00007ffed0c7d000 	C:\WINDOWS\System32\OLEAUT32.dll

dbghelp: loaded successfully - version: 4.0.5 - missing functions: none
symbol engine: initialized successfully - sym options: 0x614 - pdb path: .;C:\Users\ja\.jdks\openjdk-17\bin;C:\WINDOWS\SYSTEM32;C:\WINDOWS\WinSxS\amd64_microsoft.windows.common-controls_6595b64144ccf1df_6.0.19041.1110_none_60b5254171f9507e;C:\Users\ja\.jdks\openjdk-17\bin\server;C:\Program Files\JetBrains\IntelliJ IDEA Community Edition 2020.3.2\bin;C:\Users\ja\AppData\Local\Temp;C:\Program Files (x86)\Common Files\Intel\Shared Libraries\intel64

VM Arguments:
jvm_args: -javaagent:C:\Program Files\JetBrains\IntelliJ IDEA Community Edition 2020.3.2\lib\idea_rt.jar=60406:C:\Program Files\JetBrains\IntelliJ IDEA Community Edition 2020.3.2\bin -Dfile.encoding=UTF-8 
java_command: com.michalasobczak.bandwidth.Main -cp opencl
java_class_path (initial): G:\repos\simple_hpc\opencl\out\production\bandwidth;G:\repos\simple_hpc\opencl\lib\jocl-2.0.2.jar;G:\repos\simple_hpc\opencl\out\production\opencl
Launcher Type: SUN_STANDARD

[Global flags]
     intx CICompilerCount                          = 3                                         {product} {ergonomic}
     uint ConcGCThreads                            = 1                                         {product} {ergonomic}
     uint G1ConcRefinementThreads                  = 4                                         {product} {ergonomic}
   size_t G1HeapRegionSize                         = 2097152                                   {product} {ergonomic}
    uintx GCDrainStackTargetSize                   = 64                                        {product} {ergonomic}
   size_t InitialHeapSize                          = 268435456                                 {product} {ergonomic}
   size_t MarkStackSize                            = 4194304                                   {product} {ergonomic}
   size_t MaxHeapSize                              = 4265607168                                {product} {ergonomic}
   size_t MaxNewSize                               = 2558525440                                {product} {ergonomic}
   size_t MinHeapDeltaBytes                        = 2097152                                   {product} {ergonomic}
   size_t MinHeapSize                              = 8388608                                   {product} {ergonomic}
    uintx NonNMethodCodeHeapSize                   = 5832780                                {pd product} {ergonomic}
    uintx NonProfiledCodeHeapSize                  = 122912730                              {pd product} {ergonomic}
    uintx ProfiledCodeHeapSize                     = 122912730                              {pd product} {ergonomic}
    uintx ReservedCodeCacheSize                    = 251658240                              {pd product} {ergonomic}
     bool SegmentedCodeCache                       = true                                      {product} {ergonomic}
   size_t SoftMaxHeapSize                          = 4265607168                             {manageable} {ergonomic}
     bool UseCompressedClassPointers               = true                           {product lp64_product} {ergonomic}
     bool UseCompressedOops                        = true                           {product lp64_product} {ergonomic}
     bool UseG1GC                                  = true                                      {product} {ergonomic}
     bool UseLargePagesIndividualAllocation        = false                                  {pd product} {ergonomic}

Logging:
Log output configuration:
 #0: stdout all=warning uptime,level,tags
 #1: stderr all=off uptime,level,tags

Environment Variables:
PATH=C:\Program Files (x86)\Common Files\Intel\Shared Libraries\INTEL64\;C:\Program Files (x86)\Common Files\Intel\Shared Libraries\IA32\;C:\Program Files (x86)\Common Files\Intel\Shared Libraries\;C:\WINDOWS\SYSTEM32;C:\WINDOWS;C:\WINDOWS\SYSTEM32\WBEM;C:\WINDOWS\SYSTEM32\WINDOWSPOWERSHELL\V1.0\;C:\WINDOWS\SYSTEM32\OPENSSH\;C:\PROGRAM FILES\GIT\CMD;;C:\Users\ja\AppData\Local\Microsoft\WindowsApps;;C:\Program Files\JetBrains\IntelliJ IDEA Community Edition 2020.3.2\bin;;C:\Users\ja\AppData\Local\Pandoc\
USERNAME=ja
OS=Windows_NT
PROCESSOR_IDENTIFIER=Intel64 Family 6 Model 42 Stepping 7, GenuineIntel



---------------  S Y S T E M  ---------------

OS:
 Windows 10 , 64 bit Build 19041 (10.0.19041.1202)
OS uptime: 17 days 0:31 hours

CPU: total 4 (initial active 4) (2 cores per cpu, 2 threads per core) family 6 model 42 stepping 7 microcode 0x2f, cx8, cmov, fxsr, ht, mmx, sse, sse2, sse3, ssse3, sse4.1, sse4.2, popcnt, tsc, tscinvbit, avx, clmul, vzeroupper, clflush

Memory: 4k page, system-wide physical 16267M (8475M free)
TotalPageFile size 18699M (AvailPageFile size 7742M)
current process WorkingSet (physical memory assigned to process): 120M, peak: 120M
current process commit charge ("private bytes"): 390M, peak: 390M

vm_info: OpenJDK 64-Bit Server VM (17+35-2724) for windows-amd64 JRE (17+35-2724), built on Aug  5 2021 23:26:02 by "mach5one" with MS VC++ 16.8 (VS2019)

END.
