#
# A fatal error has been detected by the Java Runtime Environment:
#
#  EXCEPTION_ACCESS_VIOLATION (0xc0000005) at pc=0x00000170d54500c1, pid=14520, tid=11568
#
# JRE version: OpenJDK Runtime Environment (17.0+35) (build 17+35-2724)
# Java VM: OpenJDK 64-Bit Server VM (17+35-2724, mixed mode, sharing, tiered, compressed oops, compressed class ptrs, g1 gc, windows-amd64)
# Problematic frame:
# C  0x00000170d54500c1
#
# No core dump will be written. Minidumps are not enabled by default on client versions of Windows
#
# If you would like to submit a bug report, please visit:
#   https://bugreport.java.com/bugreport/crash.jsp
# The crash happened outside the Java Virtual Machine in native code.
# See problematic frame for where to report the bug.
#

---------------  S U M M A R Y ------------

Command Line: -javaagent:C:\Program Files\JetBrains\IntelliJ IDEA Community Edition 2020.3.2\lib\idea_rt.jar=63443:C:\Program Files\JetBrains\IntelliJ IDEA Community Edition 2020.3.2\bin -Dfile.encoding=UTF-8 com.michalasobczak.bandwidth.Main -cp opencl

Host: Intel(R) Core(TM) i3-2328M CPU @ 2.20GHz, 4 cores, 15G,  Windows 10 , 64 bit Build 19041 (10.0.19041.1202)
Time: Sun Oct 17 21:50:03 2021  Windows 10 , 64 bit Build 19041 (10.0.19041.1202) elapsed time: 2.627292 seconds (0d 0h 0m 2s)

---------------  T H R E A D  ---------------

Current thread (0x000001709e37d570):  JavaThread "main" [_thread_in_native, id=11568, stack(0x0000001915000000,0x0000001915100000)]

Stack: [0x0000001915000000,0x0000001915100000],  sp=0x00000019150fe190,  free space=1016k
Native frames: (J=compiled Java code, j=interpreted, Vv=VM code, C=native code)
C  0x00000170d54500c1

Java frames: (J=compiled Java code, j=interpreted, Vv=VM code)
j  org.jocl.CL.clWaitForEventsNative(I[Lorg/jocl/cl_event;)I+0
j  org.jocl.CL.clWaitForEvents(I[Lorg/jocl/cl_event;)I+2
j  com.michalasobczak.bandwidth.KernelConfigurationSet.runKernel(I)V+75
j  com.michalasobczak.bandwidth.Main.main([Ljava/lang/String;)V+159
v  ~StubRoutines::call_stub

siginfo: EXCEPTION_ACCESS_VIOLATION (0xc0000005), reading address 0x000000191a0fe190


Register to memory mapping:

RIP=0x00000170d54500c1 points into unknown readable memory: c5 db 2a 1c 0c c5 eb
RAX=0x0000000000000020 is an unknown value
RBX=0x00000170c13c36d0 points into unknown readable memory: 0x0000000000000001 | 01 00 00 00 00 00 00 00
RCX=0x0000000005000000 is an unknown value
RDX=0x0140000000000000 is an unknown value
RSP=0x00000019150fe190 is pointing into the stack for thread: 0x000001709e37d570
RBP=0x00000170c13c36c0 points into unknown readable memory: 0x00000170c51c0000 | 00 00 1c c5 70 01 00 00
RSI=0x00000170d5450050 points into unknown readable memory: 0x48018b4c28ec8348 | 48 83 ec 28 4c 8b 01 48
RDI=0x00000170c1369398 points into unknown readable memory: 0x00007ffe65f0b4c8 | c8 b4 f0 65 fe 7f 00 00
R8 =0x00000170c51c0000 points into unknown readable memory: 0x3ec66ae83ebce130 | 30 e1 bc 3e e8 6a c6 3e
R9 =0x0000000900000008 is an unknown value
R10=0x0000000100000000 is an unknown value
R11=0x00000170cd1c0000 points into unknown readable memory: 0xbe6654603f3ce130 | 30 e1 3c 3f 60 54 66 be
R12=0x00000170c1e47c00 points into unknown readable memory: 0x00007ffe8909ee18 | 18 ee 09 89 fe 7f 00 00
R13=0x00000170c1e47c60 points into unknown readable memory: 0x0000000000000000 | 00 00 00 00 00 00 00 00
R14=0x00000019150fe298 is pointing into the stack for thread: 0x000001709e37d570
R15=0x00000019150fe280 is pointing into the stack for thread: 0x000001709e37d570


Registers:
RAX=0x0000000000000020, RBX=0x00000170c13c36d0, RCX=0x0000000005000000, RDX=0x0140000000000000
RSP=0x00000019150fe190, RBP=0x00000170c13c36c0, RSI=0x00000170d5450050, RDI=0x00000170c1369398
R8 =0x00000170c51c0000, R9 =0x0000000900000008, R10=0x0000000100000000, R11=0x00000170cd1c0000
R12=0x00000170c1e47c00, R13=0x00000170c1e47c60, R14=0x00000019150fe298, R15=0x00000019150fe280
RIP=0x00000170d54500c1, EFLAGS=0x0000000000010206

Top of Stack: (sp=0x00000019150fe190)
0x00000019150fe190:   0000000100000000 0000000300000002
0x00000019150fe1a0:   0000000500000004 0000000700000006
0x00000019150fe1b0:   0000000900000008 00007ffe641c27bc
0x00000019150fe1c0:   0000000300010000 00000019150fe248
0x00000019150fe1d0:   0000017000000002 00000170c121e5a0
0x00000019150fe1e0:   00000170c1e78100 00000170c1e78080
0x00000019150fe1f0:   0000000000000000 00000170c18db550
0x00000019150fe200:   00007ffe8909ebe0 0000000000000001
0x00000019150fe210:   0000000000000003 fffffffffffffffe
0x00000019150fe220:   0000000000000003 0000000000000005
0x00000019150fe230:   00000170c1e66888 00000000000a1000
0x00000019150fe240:   00000170c1e47c50 00000170c120ef20
0x00000019150fe250:   00000170c3da4860 00007ffe88bc6c27
0x00000019150fe260:   00000019150fe309 00007ffe8f2e7e5e
0x00000019150fe270:   00000170c1e57e48 00000170c18db550
0x00000019150fe280:   0000000000000000 0000000000000000 

Instructions: (pc=0x00000170d54500c1)
0x00000170d544ffc1:   ?? ?? ?? ?? ?? ?? ?? ?? ?? ?? ?? ?? ?? ?? ?? ??
0x00000170d544ffd1:   ?? ?? ?? ?? ?? ?? ?? ?? ?? ?? ?? ?? ?? ?? ?? ??
0x00000170d544ffe1:   ?? ?? ?? ?? ?? ?? ?? ?? ?? ?? ?? ?? ?? ?? ?? ??
0x00000170d544fff1:   ?? ?? ?? ?? ?? ?? ?? ?? ?? ?? ?? ?? ?? ?? ?? 48
0x00000170d5450001:   89 c8 4c 8b 44 24 38 4c 8b 4c 24 40 4c 8b 54 24
0x00000170d5450011:   48 48 8b 54 24 28 4c 8b 5a 38 48 8b 4a 40 48 8b
0x00000170d5450021:   52 48 4c 89 50 28 4c 89 48 18 4c 89 40 08 48 89
0x00000170d5450031:   50 30 48 89 48 20 4c 89 58 10 48 c7 00 01 00 00
0x00000170d5450041:   00 c3 66 66 66 66 2e 0f 1f 84 00 00 00 00 00 48
0x00000170d5450051:   83 ec 28 4c 8b 01 48 8b 41 48 8b 12 0f af d0 03
0x00000170d5450061:   51 18 4c 8b 59 08 48 c1 e2 20 48 b9 00 00 46 d5
0x00000170d5450071:   70 01 00 00 c5 f9 28 01 48 b9 10 00 46 d5 70 01
0x00000170d5450081:   00 00 c5 f8 28 09 49 b9 08 00 00 00 09 00 00 00
0x00000170d5450091:   49 ba 00 00 00 00 01 00 00 00 0f 1f 44 00 00 c5
0x00000170d54500a1:   f9 11 04 24 c5 f8 11 4c 24 10 4c 89 4c 24 20 48
0x00000170d54500b1:   89 d1 48 c1 f9 1e c4 c1 7a 10 14 08 c5 ea 5a d2
0x00000170d54500c1:   c5 db 2a 1c 0c c5 eb 58 d2 c5 eb 5c d3 c5 eb 5a
0x00000170d54500d1:   d2 c4 c1 7a 11 14 0b 4c 01 d2 48 ff c8 75 c0 48
0x00000170d54500e1:   83 c4 28 c3 00 00 00 00 00 00 00 00 00 00 00 00
0x00000170d54500f1:   00 00 00 00 00 00 00 00 00 00 00 00 00 00 00 00
0x00000170d5450101:   00 00 00 00 00 00 00 00 00 00 00 00 00 00 00 00
0x00000170d5450111:   00 00 00 00 00 00 00 00 00 00 00 00 00 00 00 00
0x00000170d5450121:   00 00 00 00 00 00 00 00 00 00 00 00 00 00 00 00
0x00000170d5450131:   00 00 00 00 00 00 00 00 00 00 00 00 00 00 00 00
0x00000170d5450141:   00 00 00 00 00 00 00 00 00 00 00 00 00 00 00 00
0x00000170d5450151:   00 00 00 00 00 00 00 00 00 00 00 00 00 00 00 00
0x00000170d5450161:   00 00 00 00 00 00 00 00 00 00 00 00 00 00 00 00
0x00000170d5450171:   00 00 00 00 00 00 00 00 00 00 00 00 00 00 00 00
0x00000170d5450181:   00 00 00 00 00 00 00 00 00 00 00 00 00 00 00 00
0x00000170d5450191:   00 00 00 00 00 00 00 00 00 00 00 00 00 00 00 00
0x00000170d54501a1:   00 00 00 00 00 00 00 00 00 00 00 00 00 00 00 00
0x00000170d54501b1:   00 00 00 00 00 00 00 00 00 00 00 00 00 00 00 00 


Stack slot to memory mapping:
stack at sp + 0 slots: 0x0000000100000000 is an unknown value
stack at sp + 1 slots: 0x0000000300000002 is an unknown value
stack at sp + 2 slots: 0x0000000500000004 is an unknown value
stack at sp + 3 slots: 0x0000000700000006 is an unknown value
stack at sp + 4 slots: 0x0000000900000008 is an unknown value
stack at sp + 5 slots: 0x00007ffe641c27bc OclCpuBackEnd64.dll
stack at sp + 6 slots: 0x0000000300010000 is an unknown value
stack at sp + 7 slots: 0x00000019150fe248 is pointing into the stack for thread: 0x000001709e37d570


---------------  P R O C E S S  ---------------

Threads class SMR info:
_java_thread_list=0x00000170c11abfd0, length=13, elements={
0x000001709e37d570, 0x00000170c064fbd0, 0x00000170c06531f0, 0x00000170c0667ea0,
0x00000170c0668a50, 0x00000170c0669600, 0x00000170c066f4e0, 0x00000170c0670270,
0x00000170c101e6e0, 0x00000170c101f390, 0x00000170c06395f0, 0x00000170c1153140,
0x00000170c11ab9c0
}

Java Threads: ( => current thread )
=>0x000001709e37d570 JavaThread "main" [_thread_in_native, id=11568, stack(0x0000001915000000,0x0000001915100000)]
  0x00000170c064fbd0 JavaThread "Reference Handler" daemon [_thread_blocked, id=13528, stack(0x0000001915700000,0x0000001915800000)]
  0x00000170c06531f0 JavaThread "Finalizer" daemon [_thread_blocked, id=9968, stack(0x0000001915800000,0x0000001915900000)]
  0x00000170c0667ea0 JavaThread "Signal Dispatcher" daemon [_thread_blocked, id=4300, stack(0x0000001915900000,0x0000001915a00000)]
  0x00000170c0668a50 JavaThread "Attach Listener" daemon [_thread_blocked, id=10736, stack(0x0000001915a00000,0x0000001915b00000)]
  0x00000170c0669600 JavaThread "Service Thread" daemon [_thread_blocked, id=12188, stack(0x0000001915b00000,0x0000001915c00000)]
  0x00000170c066f4e0 JavaThread "Monitor Deflation Thread" daemon [_thread_blocked, id=13412, stack(0x0000001915c00000,0x0000001915d00000)]
  0x00000170c0670270 JavaThread "C2 CompilerThread0" daemon [_thread_blocked, id=15080, stack(0x0000001915d00000,0x0000001915e00000)]
  0x00000170c101e6e0 JavaThread "C1 CompilerThread0" daemon [_thread_blocked, id=13704, stack(0x0000001915e00000,0x0000001915f00000)]
  0x00000170c101f390 JavaThread "Sweeper thread" daemon [_thread_blocked, id=2316, stack(0x0000001915f00000,0x0000001916000000)]
  0x00000170c06395f0 JavaThread "Common-Cleaner" daemon [_thread_blocked, id=14204, stack(0x0000001916000000,0x0000001916100000)]
  0x00000170c1153140 JavaThread "Monitor Ctrl-Break" daemon [_thread_in_native, id=14796, stack(0x0000001916200000,0x0000001916300000)]
  0x00000170c11ab9c0 JavaThread "Notification Thread" daemon [_thread_blocked, id=12656, stack(0x0000001916300000,0x0000001916400000)]

Other Threads:
  0x00000170c0649f70 VMThread "VM Thread" [stack: 0x0000001915600000,0x0000001915700000] [id=12132]
  0x000001709e37e330 WatcherThread [stack: 0x0000001916400000,0x0000001916500000] [id=10096]
  0x000001709e3cb010 GCTaskThread "GC Thread#0" [stack: 0x0000001915100000,0x0000001915200000] [id=2424]
  0x00000170c132b710 GCTaskThread "GC Thread#1" [stack: 0x0000001916600000,0x0000001916700000] [id=12204]
  0x00000170c132b9c0 GCTaskThread "GC Thread#2" [stack: 0x0000001916700000,0x0000001916800000] [id=11556]
  0x00000170c132bc70 GCTaskThread "GC Thread#3" [stack: 0x0000001916800000,0x0000001916900000] [id=5768]
  0x000001709e3dcda0 ConcurrentGCThread "G1 Main Marker" [stack: 0x0000001915200000,0x0000001915300000] [id=1328]
  0x000001709e3ddf50 ConcurrentGCThread "G1 Conc#0" [stack: 0x0000001915300000,0x0000001915400000] [id=1216]
  0x000001709e45d720 ConcurrentGCThread "G1 Refine#0" [stack: 0x0000001915400000,0x0000001915500000] [id=9120]
  0x000001709e45e140 ConcurrentGCThread "G1 Service" [stack: 0x0000001915500000,0x0000001915600000] [id=15092]

Threads with active compile tasks:

VM state: not at safepoint (normal execution)

VM Mutex/Monitor currently owned by a thread: None

Heap address: 0x0000000701c00000, size: 4068 MB, Compressed Oops mode: Zero based, Oop shift amount: 3

CDS archive(s) mapped at: [0x0000000800000000-0x0000000800bc0000-0x0000000800bc0000), size 12320768, SharedBaseAddress: 0x0000000800000000, ArchiveRelocationMode: 0.
Compressed class space mapped at: 0x0000000800c00000-0x0000000840c00000, reserved size: 1073741824
Narrow klass base: 0x0000000800000000, Narrow klass shift: 0, Narrow klass range: 0x100000000

GC Precious Log:
 CPUs: 4 total, 4 available
 Memory: 16267M
 Large Page Support: Disabled
 NUMA Support: Disabled
 Compressed Oops: Enabled (Zero based)
 Heap Region Size: 2M
 Heap Min Capacity: 8M
 Heap Initial Capacity: 256M
 Heap Max Capacity: 4068M
 Pre-touch: Disabled
 Parallel Workers: 4
 Concurrent Workers: 1
 Concurrent Refinement Workers: 4
 Periodic GC: Disabled

Heap:
 garbage-first heap   total 450560K, used 267650K [0x0000000701c00000, 0x0000000800000000)
  region size 2048K, 2 young (4096K), 1 survivors (2048K)
 Metaspace       used 1927K, committed 2112K, reserved 1056768K
  class space    used 175K, committed 256K, reserved 1048576K

Heap Regions: E=young(eden), S=young(survivor), O=old, HS=humongous(starts), HC=humongous(continues), CS=collection set, F=free, OA=open archive, CA=closed archive, TAMS=top-at-mark-start (previous, next)
|   0|0x0000000701c00000, 0x0000000701e00000, 0x0000000701e00000|100%|HS|  |TAMS 0x0000000701e00000, 0x0000000701c00000| Complete 
|   1|0x0000000701e00000, 0x0000000702000000, 0x0000000702000000|100%|HC|  |TAMS 0x0000000702000000, 0x0000000701e00000| Complete 
|   2|0x0000000702000000, 0x0000000702200000, 0x0000000702200000|100%|HC|  |TAMS 0x0000000702200000, 0x0000000702000000| Complete 
|   3|0x0000000702200000, 0x0000000702400000, 0x0000000702400000|100%|HC|  |TAMS 0x0000000702400000, 0x0000000702200000| Complete 
|   4|0x0000000702400000, 0x0000000702600000, 0x0000000702600000|100%|HC|  |TAMS 0x0000000702600000, 0x0000000702400000| Complete 
|   5|0x0000000702600000, 0x0000000702800000, 0x0000000702800000|100%|HC|  |TAMS 0x0000000702800000, 0x0000000702600000| Complete 
|   6|0x0000000702800000, 0x0000000702a00000, 0x0000000702a00000|100%|HC|  |TAMS 0x0000000702a00000, 0x0000000702800000| Complete 
|   7|0x0000000702a00000, 0x0000000702c00000, 0x0000000702c00000|100%|HC|  |TAMS 0x0000000702c00000, 0x0000000702a00000| Complete 
|   8|0x0000000702c00000, 0x0000000702e00000, 0x0000000702e00000|100%|HC|  |TAMS 0x0000000702e00000, 0x0000000702c00000| Complete 
|   9|0x0000000702e00000, 0x0000000703000000, 0x0000000703000000|100%|HC|  |TAMS 0x0000000703000000, 0x0000000702e00000| Complete 
|  10|0x0000000703000000, 0x0000000703200000, 0x0000000703200000|100%|HC|  |TAMS 0x0000000703200000, 0x0000000703000000| Complete 
|  11|0x0000000703200000, 0x0000000703400000, 0x0000000703400000|100%|HC|  |TAMS 0x0000000703400000, 0x0000000703200000| Complete 
|  12|0x0000000703400000, 0x0000000703600000, 0x0000000703600000|100%|HC|  |TAMS 0x0000000703600000, 0x0000000703400000| Complete 
|  13|0x0000000703600000, 0x0000000703800000, 0x0000000703800000|100%|HC|  |TAMS 0x0000000703800000, 0x0000000703600000| Complete 
|  14|0x0000000703800000, 0x0000000703a00000, 0x0000000703a00000|100%|HC|  |TAMS 0x0000000703a00000, 0x0000000703800000| Complete 
|  15|0x0000000703a00000, 0x0000000703c00000, 0x0000000703c00000|100%|HC|  |TAMS 0x0000000703c00000, 0x0000000703a00000| Complete 
|  16|0x0000000703c00000, 0x0000000703e00000, 0x0000000703e00000|100%|HC|  |TAMS 0x0000000703e00000, 0x0000000703c00000| Complete 
|  17|0x0000000703e00000, 0x0000000704000000, 0x0000000704000000|100%|HC|  |TAMS 0x0000000704000000, 0x0000000703e00000| Complete 
|  18|0x0000000704000000, 0x0000000704200000, 0x0000000704200000|100%|HC|  |TAMS 0x0000000704200000, 0x0000000704000000| Complete 
|  19|0x0000000704200000, 0x0000000704400000, 0x0000000704400000|100%|HC|  |TAMS 0x0000000704400000, 0x0000000704200000| Complete 
|  20|0x0000000704400000, 0x0000000704600000, 0x0000000704600000|100%|HC|  |TAMS 0x0000000704600000, 0x0000000704400000| Complete 
|  21|0x0000000704600000, 0x0000000704800000, 0x0000000704800000|100%|HC|  |TAMS 0x0000000704800000, 0x0000000704600000| Complete 
|  22|0x0000000704800000, 0x0000000704a00000, 0x0000000704a00000|100%|HC|  |TAMS 0x0000000704a00000, 0x0000000704800000| Complete 
|  23|0x0000000704a00000, 0x0000000704c00000, 0x0000000704c00000|100%|HC|  |TAMS 0x0000000704c00000, 0x0000000704a00000| Complete 
|  24|0x0000000704c00000, 0x0000000704e00000, 0x0000000704e00000|100%|HC|  |TAMS 0x0000000704e00000, 0x0000000704c00000| Complete 
|  25|0x0000000704e00000, 0x0000000705000000, 0x0000000705000000|100%|HC|  |TAMS 0x0000000705000000, 0x0000000704e00000| Complete 
|  26|0x0000000705000000, 0x0000000705200000, 0x0000000705200000|100%|HC|  |TAMS 0x0000000705200000, 0x0000000705000000| Complete 
|  27|0x0000000705200000, 0x0000000705400000, 0x0000000705400000|100%|HC|  |TAMS 0x0000000705400000, 0x0000000705200000| Complete 
|  28|0x0000000705400000, 0x0000000705600000, 0x0000000705600000|100%|HC|  |TAMS 0x0000000705600000, 0x0000000705400000| Complete 
|  29|0x0000000705600000, 0x0000000705800000, 0x0000000705800000|100%|HC|  |TAMS 0x0000000705800000, 0x0000000705600000| Complete 
|  30|0x0000000705800000, 0x0000000705a00000, 0x0000000705a00000|100%|HC|  |TAMS 0x0000000705a00000, 0x0000000705800000| Complete 
|  31|0x0000000705a00000, 0x0000000705c00000, 0x0000000705c00000|100%|HC|  |TAMS 0x0000000705c00000, 0x0000000705a00000| Complete 
|  32|0x0000000705c00000, 0x0000000705e00000, 0x0000000705e00000|100%|HC|  |TAMS 0x0000000705e00000, 0x0000000705c00000| Complete 
|  33|0x0000000705e00000, 0x0000000706000000, 0x0000000706000000|100%|HC|  |TAMS 0x0000000706000000, 0x0000000705e00000| Complete 
|  34|0x0000000706000000, 0x0000000706200000, 0x0000000706200000|100%|HC|  |TAMS 0x0000000706200000, 0x0000000706000000| Complete 
|  35|0x0000000706200000, 0x0000000706400000, 0x0000000706400000|100%|HC|  |TAMS 0x0000000706400000, 0x0000000706200000| Complete 
|  36|0x0000000706400000, 0x0000000706600000, 0x0000000706600000|100%|HC|  |TAMS 0x0000000706600000, 0x0000000706400000| Complete 
|  37|0x0000000706600000, 0x0000000706800000, 0x0000000706800000|100%|HC|  |TAMS 0x0000000706800000, 0x0000000706600000| Complete 
|  38|0x0000000706800000, 0x0000000706a00000, 0x0000000706a00000|100%|HC|  |TAMS 0x0000000706a00000, 0x0000000706800000| Complete 
|  39|0x0000000706a00000, 0x0000000706c00000, 0x0000000706c00000|100%|HC|  |TAMS 0x0000000706c00000, 0x0000000706a00000| Complete 
|  40|0x0000000706c00000, 0x0000000706e00000, 0x0000000706e00000|100%|HC|  |TAMS 0x0000000706e00000, 0x0000000706c00000| Complete 
|  41|0x0000000706e00000, 0x0000000707000000, 0x0000000707000000|100%|HC|  |TAMS 0x0000000707000000, 0x0000000706e00000| Complete 
|  42|0x0000000707000000, 0x0000000707200000, 0x0000000707200000|100%|HC|  |TAMS 0x0000000707200000, 0x0000000707000000| Complete 
|  43|0x0000000707200000, 0x0000000707400000, 0x0000000707400000|100%|HC|  |TAMS 0x0000000707400000, 0x0000000707200000| Complete 
|  44|0x0000000707400000, 0x0000000707600000, 0x0000000707600000|100%|HC|  |TAMS 0x0000000707600000, 0x0000000707400000| Complete 
|  45|0x0000000707600000, 0x0000000707800000, 0x0000000707800000|100%|HC|  |TAMS 0x0000000707800000, 0x0000000707600000| Complete 
|  46|0x0000000707800000, 0x0000000707a00000, 0x0000000707a00000|100%|HC|  |TAMS 0x0000000707a00000, 0x0000000707800000| Complete 
|  47|0x0000000707a00000, 0x0000000707c00000, 0x0000000707c00000|100%|HC|  |TAMS 0x0000000707c00000, 0x0000000707a00000| Complete 
|  48|0x0000000707c00000, 0x0000000707e00000, 0x0000000707e00000|100%|HC|  |TAMS 0x0000000707e00000, 0x0000000707c00000| Complete 
|  49|0x0000000707e00000, 0x0000000708000000, 0x0000000708000000|100%|HC|  |TAMS 0x0000000708000000, 0x0000000707e00000| Complete 
|  50|0x0000000708000000, 0x0000000708200000, 0x0000000708200000|100%|HC|  |TAMS 0x0000000708200000, 0x0000000708000000| Complete 
|  51|0x0000000708200000, 0x0000000708400000, 0x0000000708400000|100%|HC|  |TAMS 0x0000000708400000, 0x0000000708200000| Complete 
|  52|0x0000000708400000, 0x0000000708600000, 0x0000000708600000|100%|HC|  |TAMS 0x0000000708600000, 0x0000000708400000| Complete 
|  53|0x0000000708600000, 0x0000000708800000, 0x0000000708800000|100%|HC|  |TAMS 0x0000000708800000, 0x0000000708600000| Complete 
|  54|0x0000000708800000, 0x0000000708a00000, 0x0000000708a00000|100%|HC|  |TAMS 0x0000000708a00000, 0x0000000708800000| Complete 
|  55|0x0000000708a00000, 0x0000000708c00000, 0x0000000708c00000|100%|HC|  |TAMS 0x0000000708c00000, 0x0000000708a00000| Complete 
|  56|0x0000000708c00000, 0x0000000708e00000, 0x0000000708e00000|100%|HC|  |TAMS 0x0000000708e00000, 0x0000000708c00000| Complete 
|  57|0x0000000708e00000, 0x0000000709000000, 0x0000000709000000|100%|HC|  |TAMS 0x0000000709000000, 0x0000000708e00000| Complete 
|  58|0x0000000709000000, 0x0000000709200000, 0x0000000709200000|100%|HC|  |TAMS 0x0000000709200000, 0x0000000709000000| Complete 
|  59|0x0000000709200000, 0x0000000709400000, 0x0000000709400000|100%|HC|  |TAMS 0x0000000709400000, 0x0000000709200000| Complete 
|  60|0x0000000709400000, 0x0000000709600000, 0x0000000709600000|100%|HC|  |TAMS 0x0000000709600000, 0x0000000709400000| Complete 
|  61|0x0000000709600000, 0x0000000709800000, 0x0000000709800000|100%|HC|  |TAMS 0x0000000709800000, 0x0000000709600000| Complete 
|  62|0x0000000709800000, 0x0000000709a00000, 0x0000000709a00000|100%|HC|  |TAMS 0x0000000709a00000, 0x0000000709800000| Complete 
|  63|0x0000000709a00000, 0x0000000709c00000, 0x0000000709c00000|100%|HC|  |TAMS 0x0000000709c00000, 0x0000000709a00000| Complete 
|  64|0x0000000709c00000, 0x0000000709e00000, 0x0000000709e00000|100%|HC|  |TAMS 0x0000000709e00000, 0x0000000709c00000| Complete 
|  65|0x0000000709e00000, 0x0000000709f42600, 0x000000070a000000| 62%| O|  |TAMS 0x0000000709e00000, 0x0000000709e00000| Untracked 
|  66|0x000000070a000000, 0x000000070a000000, 0x000000070a200000|  0%| F|  |TAMS 0x000000070a000000, 0x000000070a000000| Untracked 
|  67|0x000000070a200000, 0x000000070a200000, 0x000000070a400000|  0%| F|  |TAMS 0x000000070a200000, 0x000000070a200000| Untracked 
|  68|0x000000070a400000, 0x000000070a400000, 0x000000070a600000|  0%| F|  |TAMS 0x000000070a400000, 0x000000070a400000| Untracked 
|  69|0x000000070a600000, 0x000000070a600000, 0x000000070a800000|  0%| F|  |TAMS 0x000000070a600000, 0x000000070a600000| Untracked 
|  70|0x000000070a800000, 0x000000070a800000, 0x000000070aa00000|  0%| F|  |TAMS 0x000000070a800000, 0x000000070a800000| Untracked 
|  71|0x000000070aa00000, 0x000000070aa00000, 0x000000070ac00000|  0%| F|  |TAMS 0x000000070aa00000, 0x000000070aa00000| Untracked 
|  72|0x000000070ac00000, 0x000000070ac00000, 0x000000070ae00000|  0%| F|  |TAMS 0x000000070ac00000, 0x000000070ac00000| Untracked 
|  73|0x000000070ae00000, 0x000000070ae00000, 0x000000070b000000|  0%| F|  |TAMS 0x000000070ae00000, 0x000000070ae00000| Untracked 
|  74|0x000000070b000000, 0x000000070b000000, 0x000000070b200000|  0%| F|  |TAMS 0x000000070b000000, 0x000000070b000000| Untracked 
|  75|0x000000070b200000, 0x000000070b200000, 0x000000070b400000|  0%| F|  |TAMS 0x000000070b200000, 0x000000070b200000| Untracked 
|  76|0x000000070b400000, 0x000000070b400000, 0x000000070b600000|  0%| F|  |TAMS 0x000000070b400000, 0x000000070b400000| Untracked 
|  77|0x000000070b600000, 0x000000070b600000, 0x000000070b800000|  0%| F|  |TAMS 0x000000070b600000, 0x000000070b600000| Untracked 
|  78|0x000000070b800000, 0x000000070b800000, 0x000000070ba00000|  0%| F|  |TAMS 0x000000070b800000, 0x000000070b800000| Untracked 
|  79|0x000000070ba00000, 0x000000070ba00000, 0x000000070bc00000|  0%| F|  |TAMS 0x000000070ba00000, 0x000000070ba00000| Untracked 
|  80|0x000000070bc00000, 0x000000070bc00000, 0x000000070be00000|  0%| F|  |TAMS 0x000000070bc00000, 0x000000070bc00000| Untracked 
|  81|0x000000070be00000, 0x000000070be00000, 0x000000070c000000|  0%| F|  |TAMS 0x000000070be00000, 0x000000070be00000| Untracked 
|  82|0x000000070c000000, 0x000000070c000000, 0x000000070c200000|  0%| F|  |TAMS 0x000000070c000000, 0x000000070c000000| Untracked 
|  83|0x000000070c200000, 0x000000070c200000, 0x000000070c400000|  0%| F|  |TAMS 0x000000070c200000, 0x000000070c200000| Untracked 
|  84|0x000000070c400000, 0x000000070c400000, 0x000000070c600000|  0%| F|  |TAMS 0x000000070c400000, 0x000000070c400000| Untracked 
|  85|0x000000070c600000, 0x000000070c600000, 0x000000070c800000|  0%| F|  |TAMS 0x000000070c600000, 0x000000070c600000| Untracked 
|  86|0x000000070c800000, 0x000000070c800000, 0x000000070ca00000|  0%| F|  |TAMS 0x000000070c800000, 0x000000070c800000| Untracked 
|  87|0x000000070ca00000, 0x000000070ca00000, 0x000000070cc00000|  0%| F|  |TAMS 0x000000070ca00000, 0x000000070ca00000| Untracked 
|  88|0x000000070cc00000, 0x000000070cc00000, 0x000000070ce00000|  0%| F|  |TAMS 0x000000070cc00000, 0x000000070cc00000| Untracked 
|  89|0x000000070ce00000, 0x000000070ce00000, 0x000000070d000000|  0%| F|  |TAMS 0x000000070ce00000, 0x000000070ce00000| Untracked 
|  90|0x000000070d000000, 0x000000070d000000, 0x000000070d200000|  0%| F|  |TAMS 0x000000070d000000, 0x000000070d000000| Untracked 
|  91|0x000000070d200000, 0x000000070d200000, 0x000000070d400000|  0%| F|  |TAMS 0x000000070d200000, 0x000000070d200000| Untracked 
|  92|0x000000070d400000, 0x000000070d400000, 0x000000070d600000|  0%| F|  |TAMS 0x000000070d400000, 0x000000070d400000| Untracked 
|  93|0x000000070d600000, 0x000000070d600000, 0x000000070d800000|  0%| F|  |TAMS 0x000000070d600000, 0x000000070d600000| Untracked 
|  94|0x000000070d800000, 0x000000070d800000, 0x000000070da00000|  0%| F|  |TAMS 0x000000070d800000, 0x000000070d800000| Untracked 
|  95|0x000000070da00000, 0x000000070da00000, 0x000000070dc00000|  0%| F|  |TAMS 0x000000070da00000, 0x000000070da00000| Untracked 
|  96|0x000000070dc00000, 0x000000070dc00000, 0x000000070de00000|  0%| F|  |TAMS 0x000000070dc00000, 0x000000070dc00000| Untracked 
|  97|0x000000070de00000, 0x000000070de00000, 0x000000070e000000|  0%| F|  |TAMS 0x000000070de00000, 0x000000070de00000| Untracked 
|  98|0x000000070e000000, 0x000000070e000000, 0x000000070e200000|  0%| F|  |TAMS 0x000000070e000000, 0x000000070e000000| Untracked 
|  99|0x000000070e200000, 0x000000070e200000, 0x000000070e400000|  0%| F|  |TAMS 0x000000070e200000, 0x000000070e200000| Untracked 
| 100|0x000000070e400000, 0x000000070e400000, 0x000000070e600000|  0%| F|  |TAMS 0x000000070e400000, 0x000000070e400000| Untracked 
| 101|0x000000070e600000, 0x000000070e600000, 0x000000070e800000|  0%| F|  |TAMS 0x000000070e600000, 0x000000070e600000| Untracked 
| 102|0x000000070e800000, 0x000000070e800000, 0x000000070ea00000|  0%| F|  |TAMS 0x000000070e800000, 0x000000070e800000| Untracked 
| 103|0x000000070ea00000, 0x000000070ea00000, 0x000000070ec00000|  0%| F|  |TAMS 0x000000070ea00000, 0x000000070ea00000| Untracked 
| 104|0x000000070ec00000, 0x000000070ec00000, 0x000000070ee00000|  0%| F|  |TAMS 0x000000070ec00000, 0x000000070ec00000| Untracked 
| 105|0x000000070ee00000, 0x000000070ee00000, 0x000000070f000000|  0%| F|  |TAMS 0x000000070ee00000, 0x000000070ee00000| Untracked 
| 106|0x000000070f000000, 0x000000070f000000, 0x000000070f200000|  0%| F|  |TAMS 0x000000070f000000, 0x000000070f000000| Untracked 
| 107|0x000000070f200000, 0x000000070f200000, 0x000000070f400000|  0%| F|  |TAMS 0x000000070f200000, 0x000000070f200000| Untracked 
| 108|0x000000070f400000, 0x000000070f400000, 0x000000070f600000|  0%| F|  |TAMS 0x000000070f400000, 0x000000070f400000| Untracked 
| 109|0x000000070f600000, 0x000000070f600000, 0x000000070f800000|  0%| F|  |TAMS 0x000000070f600000, 0x000000070f600000| Untracked 
| 110|0x000000070f800000, 0x000000070f800000, 0x000000070fa00000|  0%| F|  |TAMS 0x000000070f800000, 0x000000070f800000| Untracked 
| 111|0x000000070fa00000, 0x000000070fa00000, 0x000000070fc00000|  0%| F|  |TAMS 0x000000070fa00000, 0x000000070fa00000| Untracked 
| 112|0x000000070fc00000, 0x000000070fc00000, 0x000000070fe00000|  0%| F|  |TAMS 0x000000070fc00000, 0x000000070fc00000| Untracked 
| 113|0x000000070fe00000, 0x000000070fe00000, 0x0000000710000000|  0%| F|  |TAMS 0x000000070fe00000, 0x000000070fe00000| Untracked 
| 114|0x0000000710000000, 0x0000000710000000, 0x0000000710200000|  0%| F|  |TAMS 0x0000000710000000, 0x0000000710000000| Untracked 
| 115|0x0000000710200000, 0x0000000710200000, 0x0000000710400000|  0%| F|  |TAMS 0x0000000710200000, 0x0000000710200000| Untracked 
| 116|0x0000000710400000, 0x0000000710400000, 0x0000000710600000|  0%| F|  |TAMS 0x0000000710400000, 0x0000000710400000| Untracked 
| 117|0x0000000710600000, 0x0000000710600000, 0x0000000710800000|  0%| F|  |TAMS 0x0000000710600000, 0x0000000710600000| Untracked 
| 118|0x0000000710800000, 0x0000000710800000, 0x0000000710a00000|  0%| F|  |TAMS 0x0000000710800000, 0x0000000710800000| Untracked 
| 119|0x0000000710a00000, 0x0000000710a00000, 0x0000000710c00000|  0%| F|  |TAMS 0x0000000710a00000, 0x0000000710a00000| Untracked 
| 120|0x0000000710c00000, 0x0000000710c00000, 0x0000000710e00000|  0%| F|  |TAMS 0x0000000710c00000, 0x0000000710c00000| Untracked 
| 121|0x0000000710e00000, 0x0000000710e00000, 0x0000000711000000|  0%| F|  |TAMS 0x0000000710e00000, 0x0000000710e00000| Untracked 
| 122|0x0000000711000000, 0x0000000711000000, 0x0000000711200000|  0%| F|  |TAMS 0x0000000711000000, 0x0000000711000000| Untracked 
| 123|0x0000000711200000, 0x0000000711200000, 0x0000000711400000|  0%| F|  |TAMS 0x0000000711200000, 0x0000000711200000| Untracked 
| 124|0x0000000711400000, 0x0000000711400000, 0x0000000711600000|  0%| F|  |TAMS 0x0000000711400000, 0x0000000711400000| Untracked 
| 125|0x0000000711600000, 0x0000000711600000, 0x0000000711800000|  0%| F|  |TAMS 0x0000000711600000, 0x0000000711600000| Untracked 
| 126|0x0000000711800000, 0x000000071181e5e0, 0x0000000711a00000|  5%| S|CS|TAMS 0x0000000711800000, 0x0000000711800000| Complete 
| 127|0x0000000711a00000, 0x0000000711c00000, 0x0000000711c00000|100%|HS|  |TAMS 0x0000000711a00000, 0x0000000711a00000| Complete 
| 128|0x0000000711c00000, 0x0000000711e00000, 0x0000000711e00000|100%|HC|  |TAMS 0x0000000711c00000, 0x0000000711c00000| Complete 
| 129|0x0000000711e00000, 0x0000000712000000, 0x0000000712000000|100%|HC|  |TAMS 0x0000000711e00000, 0x0000000711e00000| Complete 
| 130|0x0000000712000000, 0x0000000712200000, 0x0000000712200000|100%|HC|  |TAMS 0x0000000712000000, 0x0000000712000000| Complete 
| 131|0x0000000712200000, 0x0000000712400000, 0x0000000712400000|100%|HC|  |TAMS 0x0000000712200000, 0x0000000712200000| Complete 
| 132|0x0000000712400000, 0x0000000712600000, 0x0000000712600000|100%|HC|  |TAMS 0x0000000712400000, 0x0000000712400000| Complete 
| 133|0x0000000712600000, 0x0000000712800000, 0x0000000712800000|100%|HC|  |TAMS 0x0000000712600000, 0x0000000712600000| Complete 
| 134|0x0000000712800000, 0x0000000712a00000, 0x0000000712a00000|100%|HC|  |TAMS 0x0000000712800000, 0x0000000712800000| Complete 
| 135|0x0000000712a00000, 0x0000000712c00000, 0x0000000712c00000|100%|HC|  |TAMS 0x0000000712a00000, 0x0000000712a00000| Complete 
| 136|0x0000000712c00000, 0x0000000712e00000, 0x0000000712e00000|100%|HC|  |TAMS 0x0000000712c00000, 0x0000000712c00000| Complete 
| 137|0x0000000712e00000, 0x0000000713000000, 0x0000000713000000|100%|HC|  |TAMS 0x0000000712e00000, 0x0000000712e00000| Complete 
| 138|0x0000000713000000, 0x0000000713200000, 0x0000000713200000|100%|HC|  |TAMS 0x0000000713000000, 0x0000000713000000| Complete 
| 139|0x0000000713200000, 0x0000000713400000, 0x0000000713400000|100%|HC|  |TAMS 0x0000000713200000, 0x0000000713200000| Complete 
| 140|0x0000000713400000, 0x0000000713600000, 0x0000000713600000|100%|HC|  |TAMS 0x0000000713400000, 0x0000000713400000| Complete 
| 141|0x0000000713600000, 0x0000000713800000, 0x0000000713800000|100%|HC|  |TAMS 0x0000000713600000, 0x0000000713600000| Complete 
| 142|0x0000000713800000, 0x0000000713a00000, 0x0000000713a00000|100%|HC|  |TAMS 0x0000000713800000, 0x0000000713800000| Complete 
| 143|0x0000000713a00000, 0x0000000713c00000, 0x0000000713c00000|100%|HC|  |TAMS 0x0000000713a00000, 0x0000000713a00000| Complete 
| 144|0x0000000713c00000, 0x0000000713e00000, 0x0000000713e00000|100%|HC|  |TAMS 0x0000000713c00000, 0x0000000713c00000| Complete 
| 145|0x0000000713e00000, 0x0000000714000000, 0x0000000714000000|100%|HC|  |TAMS 0x0000000713e00000, 0x0000000713e00000| Complete 
| 146|0x0000000714000000, 0x0000000714200000, 0x0000000714200000|100%|HC|  |TAMS 0x0000000714000000, 0x0000000714000000| Complete 
| 147|0x0000000714200000, 0x0000000714400000, 0x0000000714400000|100%|HC|  |TAMS 0x0000000714200000, 0x0000000714200000| Complete 
| 148|0x0000000714400000, 0x0000000714600000, 0x0000000714600000|100%|HC|  |TAMS 0x0000000714400000, 0x0000000714400000| Complete 
| 149|0x0000000714600000, 0x0000000714800000, 0x0000000714800000|100%|HC|  |TAMS 0x0000000714600000, 0x0000000714600000| Complete 
| 150|0x0000000714800000, 0x0000000714a00000, 0x0000000714a00000|100%|HC|  |TAMS 0x0000000714800000, 0x0000000714800000| Complete 
| 151|0x0000000714a00000, 0x0000000714c00000, 0x0000000714c00000|100%|HC|  |TAMS 0x0000000714a00000, 0x0000000714a00000| Complete 
| 152|0x0000000714c00000, 0x0000000714e00000, 0x0000000714e00000|100%|HC|  |TAMS 0x0000000714c00000, 0x0000000714c00000| Complete 
| 153|0x0000000714e00000, 0x0000000715000000, 0x0000000715000000|100%|HC|  |TAMS 0x0000000714e00000, 0x0000000714e00000| Complete 
| 154|0x0000000715000000, 0x0000000715200000, 0x0000000715200000|100%|HC|  |TAMS 0x0000000715000000, 0x0000000715000000| Complete 
| 155|0x0000000715200000, 0x0000000715400000, 0x0000000715400000|100%|HC|  |TAMS 0x0000000715200000, 0x0000000715200000| Complete 
| 156|0x0000000715400000, 0x0000000715600000, 0x0000000715600000|100%|HC|  |TAMS 0x0000000715400000, 0x0000000715400000| Complete 
| 157|0x0000000715600000, 0x0000000715800000, 0x0000000715800000|100%|HC|  |TAMS 0x0000000715600000, 0x0000000715600000| Complete 
| 158|0x0000000715800000, 0x0000000715a00000, 0x0000000715a00000|100%|HC|  |TAMS 0x0000000715800000, 0x0000000715800000| Complete 
| 159|0x0000000715a00000, 0x0000000715c00000, 0x0000000715c00000|100%|HC|  |TAMS 0x0000000715a00000, 0x0000000715a00000| Complete 
| 160|0x0000000715c00000, 0x0000000715e00000, 0x0000000715e00000|100%|HC|  |TAMS 0x0000000715c00000, 0x0000000715c00000| Complete 
| 161|0x0000000715e00000, 0x0000000716000000, 0x0000000716000000|100%|HC|  |TAMS 0x0000000715e00000, 0x0000000715e00000| Complete 
| 162|0x0000000716000000, 0x0000000716200000, 0x0000000716200000|100%|HC|  |TAMS 0x0000000716000000, 0x0000000716000000| Complete 
| 163|0x0000000716200000, 0x0000000716400000, 0x0000000716400000|100%|HC|  |TAMS 0x0000000716200000, 0x0000000716200000| Complete 
| 164|0x0000000716400000, 0x0000000716600000, 0x0000000716600000|100%|HC|  |TAMS 0x0000000716400000, 0x0000000716400000| Complete 
| 165|0x0000000716600000, 0x0000000716800000, 0x0000000716800000|100%|HC|  |TAMS 0x0000000716600000, 0x0000000716600000| Complete 
| 166|0x0000000716800000, 0x0000000716a00000, 0x0000000716a00000|100%|HC|  |TAMS 0x0000000716800000, 0x0000000716800000| Complete 
| 167|0x0000000716a00000, 0x0000000716c00000, 0x0000000716c00000|100%|HC|  |TAMS 0x0000000716a00000, 0x0000000716a00000| Complete 
| 168|0x0000000716c00000, 0x0000000716e00000, 0x0000000716e00000|100%|HC|  |TAMS 0x0000000716c00000, 0x0000000716c00000| Complete 
| 169|0x0000000716e00000, 0x0000000717000000, 0x0000000717000000|100%|HC|  |TAMS 0x0000000716e00000, 0x0000000716e00000| Complete 
| 170|0x0000000717000000, 0x0000000717200000, 0x0000000717200000|100%|HC|  |TAMS 0x0000000717000000, 0x0000000717000000| Complete 
| 171|0x0000000717200000, 0x0000000717400000, 0x0000000717400000|100%|HC|  |TAMS 0x0000000717200000, 0x0000000717200000| Complete 
| 172|0x0000000717400000, 0x0000000717600000, 0x0000000717600000|100%|HC|  |TAMS 0x0000000717400000, 0x0000000717400000| Complete 
| 173|0x0000000717600000, 0x0000000717800000, 0x0000000717800000|100%|HC|  |TAMS 0x0000000717600000, 0x0000000717600000| Complete 
| 174|0x0000000717800000, 0x0000000717a00000, 0x0000000717a00000|100%|HC|  |TAMS 0x0000000717800000, 0x0000000717800000| Complete 
| 175|0x0000000717a00000, 0x0000000717c00000, 0x0000000717c00000|100%|HC|  |TAMS 0x0000000717a00000, 0x0000000717a00000| Complete 
| 176|0x0000000717c00000, 0x0000000717e00000, 0x0000000717e00000|100%|HC|  |TAMS 0x0000000717c00000, 0x0000000717c00000| Complete 
| 177|0x0000000717e00000, 0x0000000718000000, 0x0000000718000000|100%|HC|  |TAMS 0x0000000717e00000, 0x0000000717e00000| Complete 
| 178|0x0000000718000000, 0x0000000718200000, 0x0000000718200000|100%|HC|  |TAMS 0x0000000718000000, 0x0000000718000000| Complete 
| 179|0x0000000718200000, 0x0000000718400000, 0x0000000718400000|100%|HC|  |TAMS 0x0000000718200000, 0x0000000718200000| Complete 
| 180|0x0000000718400000, 0x0000000718600000, 0x0000000718600000|100%|HC|  |TAMS 0x0000000718400000, 0x0000000718400000| Complete 
| 181|0x0000000718600000, 0x0000000718800000, 0x0000000718800000|100%|HC|  |TAMS 0x0000000718600000, 0x0000000718600000| Complete 
| 182|0x0000000718800000, 0x0000000718a00000, 0x0000000718a00000|100%|HC|  |TAMS 0x0000000718800000, 0x0000000718800000| Complete 
| 183|0x0000000718a00000, 0x0000000718c00000, 0x0000000718c00000|100%|HC|  |TAMS 0x0000000718a00000, 0x0000000718a00000| Complete 
| 184|0x0000000718c00000, 0x0000000718e00000, 0x0000000718e00000|100%|HC|  |TAMS 0x0000000718c00000, 0x0000000718c00000| Complete 
| 185|0x0000000718e00000, 0x0000000719000000, 0x0000000719000000|100%|HC|  |TAMS 0x0000000718e00000, 0x0000000718e00000| Complete 
| 186|0x0000000719000000, 0x0000000719200000, 0x0000000719200000|100%|HC|  |TAMS 0x0000000719000000, 0x0000000719000000| Complete 
| 187|0x0000000719200000, 0x0000000719400000, 0x0000000719400000|100%|HC|  |TAMS 0x0000000719200000, 0x0000000719200000| Complete 
| 188|0x0000000719400000, 0x0000000719600000, 0x0000000719600000|100%|HC|  |TAMS 0x0000000719400000, 0x0000000719400000| Complete 
| 189|0x0000000719600000, 0x0000000719800000, 0x0000000719800000|100%|HC|  |TAMS 0x0000000719600000, 0x0000000719600000| Complete 
| 190|0x0000000719800000, 0x0000000719a00000, 0x0000000719a00000|100%|HC|  |TAMS 0x0000000719800000, 0x0000000719800000| Complete 
| 191|0x0000000719a00000, 0x0000000719c00000, 0x0000000719c00000|100%|HC|  |TAMS 0x0000000719a00000, 0x0000000719a00000| Complete 
| 192|0x0000000719c00000, 0x0000000719c00000, 0x0000000719e00000|  0%| F|  |TAMS 0x0000000719c00000, 0x0000000719c00000| Untracked 
| 193|0x0000000719e00000, 0x0000000719e00000, 0x000000071a000000|  0%| F|  |TAMS 0x0000000719e00000, 0x0000000719e00000| Untracked 
| 194|0x000000071a000000, 0x000000071a000000, 0x000000071a200000|  0%| F|  |TAMS 0x000000071a000000, 0x000000071a000000| Untracked 
| 195|0x000000071a200000, 0x000000071a200000, 0x000000071a400000|  0%| F|  |TAMS 0x000000071a200000, 0x000000071a200000| Untracked 
| 196|0x000000071a400000, 0x000000071a400000, 0x000000071a600000|  0%| F|  |TAMS 0x000000071a400000, 0x000000071a400000| Untracked 
| 197|0x000000071a600000, 0x000000071a600000, 0x000000071a800000|  0%| F|  |TAMS 0x000000071a600000, 0x000000071a600000| Untracked 
| 198|0x000000071a800000, 0x000000071a800000, 0x000000071aa00000|  0%| F|  |TAMS 0x000000071a800000, 0x000000071a800000| Untracked 
| 199|0x000000071aa00000, 0x000000071aa00000, 0x000000071ac00000|  0%| F|  |TAMS 0x000000071aa00000, 0x000000071aa00000| Untracked 
| 200|0x000000071ac00000, 0x000000071ac00000, 0x000000071ae00000|  0%| F|  |TAMS 0x000000071ac00000, 0x000000071ac00000| Untracked 
| 201|0x000000071ae00000, 0x000000071ae00000, 0x000000071b000000|  0%| F|  |TAMS 0x000000071ae00000, 0x000000071ae00000| Untracked 
| 202|0x000000071b000000, 0x000000071b000000, 0x000000071b200000|  0%| F|  |TAMS 0x000000071b000000, 0x000000071b000000| Untracked 
| 203|0x000000071b200000, 0x000000071b200000, 0x000000071b400000|  0%| F|  |TAMS 0x000000071b200000, 0x000000071b200000| Untracked 
| 204|0x000000071b400000, 0x000000071b400000, 0x000000071b600000|  0%| F|  |TAMS 0x000000071b400000, 0x000000071b400000| Untracked 
| 205|0x000000071b600000, 0x000000071b600000, 0x000000071b800000|  0%| F|  |TAMS 0x000000071b600000, 0x000000071b600000| Untracked 
| 206|0x000000071b800000, 0x000000071b800000, 0x000000071ba00000|  0%| F|  |TAMS 0x000000071b800000, 0x000000071b800000| Untracked 
| 207|0x000000071ba00000, 0x000000071ba00000, 0x000000071bc00000|  0%| F|  |TAMS 0x000000071ba00000, 0x000000071ba00000| Untracked 
| 208|0x000000071bc00000, 0x000000071bc00000, 0x000000071be00000|  0%| F|  |TAMS 0x000000071bc00000, 0x000000071bc00000| Untracked 
| 209|0x000000071be00000, 0x000000071be00000, 0x000000071c000000|  0%| F|  |TAMS 0x000000071be00000, 0x000000071be00000| Untracked 
| 210|0x000000071c000000, 0x000000071c000000, 0x000000071c200000|  0%| F|  |TAMS 0x000000071c000000, 0x000000071c000000| Untracked 
| 211|0x000000071c200000, 0x000000071c200000, 0x000000071c400000|  0%| F|  |TAMS 0x000000071c200000, 0x000000071c200000| Untracked 
| 212|0x000000071c400000, 0x000000071c400000, 0x000000071c600000|  0%| F|  |TAMS 0x000000071c400000, 0x000000071c400000| Untracked 
| 213|0x000000071c600000, 0x000000071c600000, 0x000000071c800000|  0%| F|  |TAMS 0x000000071c600000, 0x000000071c600000| Untracked 
| 214|0x000000071c800000, 0x000000071c800000, 0x000000071ca00000|  0%| F|  |TAMS 0x000000071c800000, 0x000000071c800000| Untracked 
| 215|0x000000071ca00000, 0x000000071ca00000, 0x000000071cc00000|  0%| F|  |TAMS 0x000000071ca00000, 0x000000071ca00000| Untracked 
| 216|0x000000071cc00000, 0x000000071cc00000, 0x000000071ce00000|  0%| F|  |TAMS 0x000000071cc00000, 0x000000071cc00000| Untracked 
| 217|0x000000071ce00000, 0x000000071ce00000, 0x000000071d000000|  0%| F|  |TAMS 0x000000071ce00000, 0x000000071ce00000| Untracked 
| 218|0x000000071d000000, 0x000000071d000000, 0x000000071d200000|  0%| F|  |TAMS 0x000000071d000000, 0x000000071d000000| Untracked 
| 219|0x000000071d200000, 0x000000071d400000, 0x000000071d400000|100%| E|  |TAMS 0x000000071d200000, 0x000000071d200000| Complete 

Card table byte_map: [0x00000170b5380000,0x00000170b5b80000] _byte_map_base: 0x00000170b1b72000

Marking Bits (Prev, Next): (CMBitMap*) 0x000001709e3cc670, (CMBitMap*) 0x000001709e3cc630
 Prev Bits: [0x00000170ba310000, 0x00000170be2a0000)
 Next Bits: [0x00000170b6380000, 0x00000170ba310000)

Polling page: 0x000001709c140000

Metaspace:

Usage:
  Non-class:      1.71 MB used.
      Class:    175.48 KB used.
       Both:      1.88 MB used.

Virtual space:
  Non-class space:        8.00 MB reserved,       1.81 MB ( 23%) committed,  1 nodes.
      Class space:        1.00 GB reserved,     256.00 KB ( <1%) committed,  1 nodes.
             Both:        1.01 GB reserved,       2.06 MB ( <1%) committed. 

Chunk freelists:
   Non-Class:  3.68 MB
       Class:  3.68 MB
        Both:  7.36 MB

MaxMetaspaceSize: unlimited
CompressedClassSpaceSize: 1.00 GB
Initial GC threshold: 21.00 MB
Current GC threshold: 21.00 MB
CDS: on
MetaspaceReclaimPolicy: balanced
 - commit_granule_bytes: 65536.
 - commit_granule_words: 8192.
 - virtual_space_node_default_size: 1048576.
 - enlarge_chunks_in_place: 1.
 - new_chunks_are_fully_committed: 0.
 - uncommit_free_chunks: 1.
 - use_allocation_guard: 0.
 - handle_deallocations: 1.


Internal statistics:

num_allocs_failed_limit: 0.
num_arena_births: 84.
num_arena_deaths: 0.
num_vsnodes_births: 2.
num_vsnodes_deaths: 0.
num_space_committed: 33.
num_space_uncommitted: 0.
num_chunks_returned_to_freelist: 0.
num_chunks_taken_from_freelist: 112.
num_chunk_merges: 0.
num_chunk_splits: 74.
num_chunks_enlarged: 45.
num_purges: 0.
num_inconsistent_stats: 0.

CodeHeap 'non-profiled nmethods': size=120000Kb used=180Kb max_used=180Kb free=119819Kb
 bounds [0x00000170ad650000, 0x00000170ad8c0000, 0x00000170b4b80000]
CodeHeap 'profiled nmethods': size=120000Kb used=770Kb max_used=770Kb free=119229Kb
 bounds [0x00000170a6120000, 0x00000170a6390000, 0x00000170ad650000]
CodeHeap 'non-nmethods': size=5760Kb used=1163Kb max_used=1177Kb free=4596Kb
 bounds [0x00000170a5b80000, 0x00000170a5df0000, 0x00000170a6120000]
 total_blobs=1011 nmethods=553 adapters=371
 compilation: enabled
              stopped_count=0, restarted_count=0
 full_count=0

Compilation events (20 events):
Event: 2.605 Thread 0x00000170c101e6e0  542       1       java.time.temporal.ValueRange::getMaximum (5 bytes)
Event: 2.605 Thread 0x00000170c101e6e0 nmethod 542 0x00000170ad67bb10 code [0x00000170ad67bca0, 0x00000170ad67bd78]
Event: 2.605 Thread 0x00000170c101e6e0  543       1       java.time.temporal.ChronoField::range (5 bytes)
Event: 2.606 Thread 0x00000170c101e6e0 nmethod 543 0x00000170ad67be10 code [0x00000170ad67bfa0, 0x00000170ad67c078]
Event: 2.606 Thread 0x00000170c101e6e0  544       1       java.time.ZoneOffset::getTotalSeconds (5 bytes)
Event: 2.606 Thread 0x00000170c101e6e0 nmethod 544 0x00000170ad67c110 code [0x00000170ad67c2a0, 0x00000170ad67c378]
Event: 2.606 Thread 0x00000170c101e6e0  545       3       java.time.temporal.ValueRange::isValidValue (24 bytes)
Event: 2.606 Thread 0x00000170c101e6e0 nmethod 545 0x00000170a61df490 code [0x00000170a61df620, 0x00000170a61df7f8]
Event: 2.606 Thread 0x00000170c101e6e0  546       3       java.time.temporal.ChronoField::checkValidValue (10 bytes)
Event: 2.606 Thread 0x00000170c101e6e0 nmethod 546 0x00000170a61df890 code [0x00000170a61dfa40, 0x00000170a61dfba8]
Event: 2.606 Thread 0x00000170c101e6e0  547       3       java.time.temporal.ValueRange::checkValidValue (24 bytes)
Event: 2.607 Thread 0x00000170c101e6e0 nmethod 547 0x00000170a61dfc90 code [0x00000170a61dfe60, 0x00000170a61e0198]
Event: 2.607 Thread 0x00000170c101e6e0  548       1       java.time.zone.ZoneOffsetTransition::getOffsetAfter (5 bytes)
Event: 2.607 Thread 0x00000170c101e6e0 nmethod 548 0x00000170ad67c410 code [0x00000170ad67c5a0, 0x00000170ad67c678]
Event: 2.607 Thread 0x00000170c101e6e0  549       1       java.time.zone.ZoneOffsetTransition::getOffsetBefore (5 bytes)
Event: 2.607 Thread 0x00000170c101e6e0 nmethod 549 0x00000170ad67c710 code [0x00000170ad67c8a0, 0x00000170ad67c978]
Event: 2.608 Thread 0x00000170c101e6e0  551       3       jdk.internal.org.objectweb.asm.SymbolTable$Entry::<init> (18 bytes)
Event: 2.608 Thread 0x00000170c101e6e0 nmethod 551 0x00000170a61e0290 code [0x00000170a61e0440, 0x00000170a61e05c8]
Event: 2.609 Thread 0x00000170c101e6e0  553       3       java.lang.Math::floorMod (29 bytes)
Event: 2.609 Thread 0x00000170c101e6e0 nmethod 553 0x00000170a61e0690 code [0x00000170a61e0820, 0x00000170a61e09d8]

GC Heap History (4 events):
Event: 0.637 GC heap before
{Heap before GC invocations=0 (full 0):
 garbage-first heap   total 262144K, used 2048K [0x0000000701c00000, 0x0000000800000000)
  region size 2048K, 2 young (4096K), 0 survivors (0K)
 Metaspace       used 1426K, committed 1664K, reserved 1056768K
  class space    used 124K, committed 256K, reserved 1048576K
}
Event: 0.643 GC heap after
{Heap after GC invocations=1 (full 0):
 garbage-first heap   total 262144K, used 1334K [0x0000000701c00000, 0x0000000800000000)
  region size 2048K, 1 young (2048K), 1 survivors (2048K)
 Metaspace       used 1426K, committed 1664K, reserved 1056768K
  class space    used 124K, committed 256K, reserved 1048576K
}
Event: 0.779 GC heap before
{Heap before GC invocations=1 (full 0):
 garbage-first heap   total 262144K, used 134454K [0x0000000701c00000, 0x0000000800000000)
  region size 2048K, 2 young (4096K), 1 survivors (2048K)
 Metaspace       used 1442K, committed 1728K, reserved 1056768K
  class space    used 125K, committed 256K, reserved 1048576K
}
Event: 0.783 GC heap after
{Heap after GC invocations=2 (full 0):
 garbage-first heap   total 262144K, used 134530K [0x0000000701c00000, 0x0000000800000000)
  region size 2048K, 1 young (2048K), 1 survivors (2048K)
 Metaspace       used 1442K, committed 1728K, reserved 1056768K
  class space    used 125K, committed 256K, reserved 1048576K
}

Deoptimization events (6 events):
Event: 1.025 Thread 0x000001709e37d570 DEOPT PACKING pc=0x00000170a61ca812 sp=0x00000019150ff290
Event: 1.025 Thread 0x000001709e37d570 DEOPT UNPACKING pc=0x00000170a5bd2b43 sp=0x00000019150fe788 mode 0
Event: 1.954 Thread 0x000001709e37d570 Uncommon trap: trap_request=0xffffff45 fr.pc=0x00000170ad6764a4 relative=0x0000000000000164
Event: 1.954 Thread 0x000001709e37d570 Uncommon trap: reason=unstable_if action=reinterpret pc=0x00000170ad6764a4 method=com.michalasobczak.bandwidth.KernelConfigurationSet.generateSampleRandomData()V @ 25 c2
Event: 1.955 Thread 0x000001709e37d570 DEOPT PACKING pc=0x00000170ad6764a4 sp=0x00000019150ff2c0
Event: 1.955 Thread 0x000001709e37d570 DEOPT UNPACKING pc=0x00000170a5bd23a3 sp=0x00000019150ff288 mode 2

Classes unloaded (0 events):
No events

Classes redefined (0 events):
No events

Internal exceptions (4 events):
Event: 0.325 Thread 0x00000170c1153140 Exception <a 'java/lang/NoSuchMethodError'{0x0000000711bf0d50}: 'java.lang.Object java.lang.invoke.DirectMethodHandle$Holder.invokeStaticInit(java.lang.Object)'> (0x0000000711bf0d50) 
thrown [t:\workspace\open\src\hotspot\share\interpreter\linkResolver.cpp, line 766]
Event: 0.340 Thread 0x00000170c1153140 Exception <a 'java/lang/NoSuchMethodError'{0x0000000711bfeb50}: 'void java.lang.invoke.DirectMethodHandle$Holder.invokeStatic(java.lang.Object, java.lang.Object)'> (0x0000000711bfeb50) 
thrown [t:\workspace\open\src\hotspot\share\interpreter\linkResolver.cpp, line 766]
Event: 0.575 Thread 0x000001709e37d570 Exception <a 'java/lang/NoSuchMethodError'{0x0000000711965f50}: 'java.lang.Object java.lang.invoke.DirectMethodHandle$Holder.invokeSpecial(java.lang.Object, java.lang.Object, int, java.lang.Object, java.lang.Object)'> (0x0000000711965f50) 
thrown [t:\workspace\open\src\hotspot\share\interpreter\linkResolver.cpp, line 766]
Event: 2.607 Thread 0x000001709e37d570 Exception <a 'java/lang/NoSuchMethodError'{0x000000071d253660}: 'java.lang.Object java.lang.invoke.DirectMethodHandle$Holder.invokeStatic(java.lang.Object, int, java.lang.Object)'> (0x000000071d253660) 
thrown [t:\workspace\open\src\hotspot\share\interpreter\linkResolver.cpp, line 766]

VM Operations (14 events):
Event: 0.227 Executing VM operation: HandshakeAllThreads
Event: 0.227 Executing VM operation: HandshakeAllThreads done
Event: 0.322 Executing VM operation: HandshakeAllThreads
Event: 0.322 Executing VM operation: HandshakeAllThreads done
Event: 0.637 Executing VM operation: G1TryInitiateConcMark
Event: 0.643 Executing VM operation: G1TryInitiateConcMark done
Event: 0.779 Executing VM operation: G1TryInitiateConcMark
Event: 0.783 Executing VM operation: G1TryInitiateConcMark done
Event: 0.795 Executing VM operation: G1Concurrent
Event: 0.992 Executing VM operation: G1Concurrent done
Event: 0.994 Executing VM operation: G1Concurrent
Event: 0.994 Executing VM operation: G1Concurrent done
Event: 2.007 Executing VM operation: Cleanup
Event: 2.007 Executing VM operation: Cleanup done

Events (20 events):
Event: 2.588 loading class java/time/zone/ZoneRulesProvider$1
Event: 2.588 loading class java/time/zone/ZoneRulesProvider$1 done
Event: 2.589 loading class java/time/zone/TzdbZoneRulesProvider
Event: 2.589 loading class java/time/zone/TzdbZoneRulesProvider done
Event: 2.598 loading class java/time/zone/Ser
Event: 2.598 loading class java/io/Externalizable
Event: 2.598 loading class java/io/Externalizable done
Event: 2.598 loading class java/time/zone/Ser done
Event: 2.599 loading class java/time/Month
Event: 2.600 loading class java/time/Month done
Event: 2.600 loading class java/time/DayOfWeek
Event: 2.600 loading class java/time/DayOfWeek done
Event: 2.600 loading class java/time/zone/ZoneOffsetTransitionRule$TimeDefinition
Event: 2.600 loading class java/time/zone/ZoneOffsetTransitionRule$TimeDefinition done
Event: 2.603 loading class java/time/zone/ZoneOffsetTransition
Event: 2.603 loading class java/time/zone/ZoneOffsetTransition done
Event: 2.607 loading class java/time/temporal/TemporalAdjusters
Event: 2.607 loading class java/time/temporal/TemporalAdjusters done
Event: 2.609 loading class java/time/zone/ZoneOffsetTransitionRule$1
Event: 2.609 loading class java/time/zone/ZoneOffsetTransitionRule$1 done


Dynamic libraries:
0x00007ff72ffb0000 - 0x00007ff72ffbe000 	C:\Users\ja\.jdks\openjdk-17\bin\java.exe
0x00007ffed1090000 - 0x00007ffed1285000 	C:\WINDOWS\SYSTEM32\ntdll.dll
0x00007ffecf960000 - 0x00007ffecfa1e000 	C:\WINDOWS\System32\KERNEL32.DLL
0x00007ffececb0000 - 0x00007ffecef79000 	C:\WINDOWS\System32\KERNELBASE.dll
0x00007ffece9a0000 - 0x00007ffeceaa0000 	C:\WINDOWS\System32\ucrtbase.dll
0x00007ffec5870000 - 0x00007ffec5888000 	C:\Users\ja\.jdks\openjdk-17\bin\jli.dll
0x00007ffeca120000 - 0x00007ffeca13a000 	C:\Users\ja\.jdks\openjdk-17\bin\VCRUNTIME140.dll
0x00007ffed0ea0000 - 0x00007ffed1041000 	C:\WINDOWS\System32\USER32.dll
0x00007ffeceb40000 - 0x00007ffeceb62000 	C:\WINDOWS\System32\win32u.dll
0x00007ffec0590000 - 0x00007ffec082a000 	C:\WINDOWS\WinSxS\amd64_microsoft.windows.common-controls_6595b64144ccf1df_6.0.19041.1110_none_60b5254171f9507e\COMCTL32.dll
0x00007ffecf810000 - 0x00007ffecf83b000 	C:\WINDOWS\System32\GDI32.dll
0x00007ffed0470000 - 0x00007ffed050e000 	C:\WINDOWS\System32\msvcrt.dll
0x00007ffeceba0000 - 0x00007ffececab000 	C:\WINDOWS\System32\gdi32full.dll
0x00007ffeceaa0000 - 0x00007ffeceb3d000 	C:\WINDOWS\System32\msvcp_win.dll
0x00007ffed0160000 - 0x00007ffed0190000 	C:\WINDOWS\System32\IMM32.DLL
0x00007ffec9d90000 - 0x00007ffec9d9c000 	C:\Users\ja\.jdks\openjdk-17\bin\vcruntime140_1.dll
0x00007ffec57e0000 - 0x00007ffec586d000 	C:\Users\ja\.jdks\openjdk-17\bin\msvcp140.dll
0x00007ffe73e90000 - 0x00007ffe74a4e000 	C:\Users\ja\.jdks\openjdk-17\bin\server\jvm.dll
0x00007ffed03b0000 - 0x00007ffed045c000 	C:\WINDOWS\System32\ADVAPI32.dll
0x00007ffed0d90000 - 0x00007ffed0e2b000 	C:\WINDOWS\System32\sechost.dll
0x00007ffecf310000 - 0x00007ffecf43a000 	C:\WINDOWS\System32\RPCRT4.dll
0x00007ffed03a0000 - 0x00007ffed03a8000 	C:\WINDOWS\System32\PSAPI.DLL
0x00007ffec7770000 - 0x00007ffec7779000 	C:\WINDOWS\SYSTEM32\WSOCK32.dll
0x00007ffebe2c0000 - 0x00007ffebe2e7000 	C:\WINDOWS\SYSTEM32\WINMM.dll
0x00007ffed0e30000 - 0x00007ffed0e9b000 	C:\WINDOWS\System32\WS2_32.dll
0x00007ffebf0b0000 - 0x00007ffebf0ba000 	C:\WINDOWS\SYSTEM32\VERSION.dll
0x00007ffecc890000 - 0x00007ffecc8a2000 	C:\WINDOWS\SYSTEM32\kernel.appcore.dll
0x00007ffec57d0000 - 0x00007ffec57da000 	C:\Users\ja\.jdks\openjdk-17\bin\jimage.dll
0x00007ffeba3f0000 - 0x00007ffeba5d4000 	C:\WINDOWS\SYSTEM32\DBGHELP.DLL
0x00007ffeba630000 - 0x00007ffeba65c000 	C:\WINDOWS\SYSTEM32\dbgcore.DLL
0x00007ffece7b0000 - 0x00007ffece833000 	C:\WINDOWS\System32\bcryptPrimitives.dll
0x00007ffec5700000 - 0x00007ffec570e000 	C:\Users\ja\.jdks\openjdk-17\bin\instrument.dll
0x00007ffec56c0000 - 0x00007ffec56e5000 	C:\Users\ja\.jdks\openjdk-17\bin\java.dll
0x00007ffeabe20000 - 0x00007ffeabef6000 	C:\Users\ja\.jdks\openjdk-17\bin\svml.dll
0x00007ffecfa20000 - 0x00007ffed015f000 	C:\WINDOWS\System32\SHELL32.dll
0x00007ffecc8b0000 - 0x00007ffecd040000 	C:\WINDOWS\SYSTEM32\windows.storage.dll
0x00007ffecf440000 - 0x00007ffecf795000 	C:\WINDOWS\System32\combase.dll
0x00007ffece190000 - 0x00007ffece1bc000 	C:\WINDOWS\SYSTEM32\Wldp.dll
0x00007ffed0ce0000 - 0x00007ffed0d8d000 	C:\WINDOWS\System32\SHCORE.dll
0x00007ffed0190000 - 0x00007ffed01e5000 	C:\WINDOWS\System32\shlwapi.dll
0x00007ffece6f0000 - 0x00007ffece70f000 	C:\WINDOWS\SYSTEM32\profapi.dll
0x00007ffec5660000 - 0x00007ffec5678000 	C:\Users\ja\.jdks\openjdk-17\bin\zip.dll
0x00007ffec56a0000 - 0x00007ffec56b9000 	C:\Users\ja\.jdks\openjdk-17\bin\net.dll
0x00007ffec4050000 - 0x00007ffec4158000 	C:\WINDOWS\SYSTEM32\WINHTTP.dll
0x00007ffecdef0000 - 0x00007ffecdf5a000 	C:\WINDOWS\system32\mswsock.dll
0x00007ffec5680000 - 0x00007ffec5695000 	C:\Users\ja\.jdks\openjdk-17\bin\nio.dll
0x00007ffebfb30000 - 0x00007ffebfb4a000 	C:\Program Files\JetBrains\IntelliJ IDEA Community Edition 2020.3.2\bin\breakgen64.dll
0x00007ffeb3010000 - 0x00007ffeb304d000 	C:\Users\ja\AppData\Local\Temp\JOCL_2_0_2-windows-x86_64.dll
0x00007ffece100000 - 0x00007ffece10c000 	C:\WINDOWS\SYSTEM32\CRYPTBASE.DLL
0x00007ffe89cf0000 - 0x00007ffe89d66000 	C:\WINDOWS\SYSTEM32\OpenCL.dll
0x00007ffece840000 - 0x00007ffece88e000 	C:\WINDOWS\System32\CFGMGR32.dll
0x00007ffed05a0000 - 0x00007ffed06ca000 	C:\WINDOWS\System32\ole32.dll
0x00007ffecf180000 - 0x00007ffecf229000 	C:\WINDOWS\System32\clbcatq.dll
0x00007ffe77b60000 - 0x00007ffe77d09000 	C:\Program Files (x86)\Common Files\Intel\Shared Libraries\intel64\intelocl64.dll
0x00007ffe89050000 - 0x00007ffe890d6000 	C:\Program Files (x86)\Common Files\Intel\Shared Libraries\intel64\task_executor64.dll
0x00007ffe88bb0000 - 0x00007ffe88c41000 	C:\Program Files (x86)\Common Files\Intel\Shared Libraries\intel64\cpu_device64.dll
0x00007ffe8f2e0000 - 0x00007ffe8f33f000 	C:\Program Files (x86)\Common Files\Intel\Shared Libraries\intel64\tbb12.dll
0x00007ffe89560000 - 0x00007ffe895ba000 	C:\Program Files (x86)\Common Files\Intel\Shared Libraries\intel64\tbbmalloc.dll
0x00007ffe640f0000 - 0x00007ffe66c2d000 	C:\Program Files (x86)\Common Files\Intel\Shared Libraries\intel64\OclCpuBackEnd64.dll
0x00007ffe682e0000 - 0x00007ffe687bc000 	C:\Program Files (x86)\Common Files\Intel\Shared Libraries\intel64\__ocl_svml_e9.dll
0x00007ffe67ea0000 - 0x00007ffe682d1000 	C:\Program Files (x86)\Common Files\Intel\Shared Libraries\intel64\clang_compiler64.dll
0x00007ffe5ec10000 - 0x00007ffe640e6000 	C:\Program Files (x86)\Common Files\Intel\Shared Libraries\intel64\common_clang64.dll
0x00007ffed0bb0000 - 0x00007ffed0c7d000 	C:\WINDOWS\System32\OLEAUT32.dll

dbghelp: loaded successfully - version: 4.0.5 - missing functions: none
symbol engine: initialized successfully - sym options: 0x614 - pdb path: .;C:\Users\ja\.jdks\openjdk-17\bin;C:\WINDOWS\SYSTEM32;C:\WINDOWS\WinSxS\amd64_microsoft.windows.common-controls_6595b64144ccf1df_6.0.19041.1110_none_60b5254171f9507e;C:\Users\ja\.jdks\openjdk-17\bin\server;C:\Program Files\JetBrains\IntelliJ IDEA Community Edition 2020.3.2\bin;C:\Users\ja\AppData\Local\Temp;C:\Program Files (x86)\Common Files\Intel\Shared Libraries\intel64

VM Arguments:
jvm_args: -javaagent:C:\Program Files\JetBrains\IntelliJ IDEA Community Edition 2020.3.2\lib\idea_rt.jar=63443:C:\Program Files\JetBrains\IntelliJ IDEA Community Edition 2020.3.2\bin -Dfile.encoding=UTF-8 
java_command: com.michalasobczak.bandwidth.Main -cp opencl
java_class_path (initial): G:\repos\simple_hpc\opencl\out\production\bandwidth;G:\repos\simple_hpc\opencl\lib\jocl-2.0.2.jar;G:\repos\simple_hpc\opencl\out\production\opencl
Launcher Type: SUN_STANDARD

[Global flags]
     intx CICompilerCount                          = 3                                         {product} {ergonomic}
     uint ConcGCThreads                            = 1                                         {product} {ergonomic}
     uint G1ConcRefinementThreads                  = 4                                         {product} {ergonomic}
   size_t G1HeapRegionSize                         = 2097152                                   {product} {ergonomic}
    uintx GCDrainStackTargetSize                   = 64                                        {product} {ergonomic}
   size_t InitialHeapSize                          = 268435456                                 {product} {ergonomic}
   size_t MarkStackSize                            = 4194304                                   {product} {ergonomic}
   size_t MaxHeapSize                              = 4265607168                                {product} {ergonomic}
   size_t MaxNewSize                               = 2558525440                                {product} {ergonomic}
   size_t MinHeapDeltaBytes                        = 2097152                                   {product} {ergonomic}
   size_t MinHeapSize                              = 8388608                                   {product} {ergonomic}
    uintx NonNMethodCodeHeapSize                   = 5832780                                {pd product} {ergonomic}
    uintx NonProfiledCodeHeapSize                  = 122912730                              {pd product} {ergonomic}
    uintx ProfiledCodeHeapSize                     = 122912730                              {pd product} {ergonomic}
    uintx ReservedCodeCacheSize                    = 251658240                              {pd product} {ergonomic}
     bool SegmentedCodeCache                       = true                                      {product} {ergonomic}
   size_t SoftMaxHeapSize                          = 4265607168                             {manageable} {ergonomic}
     bool UseCompressedClassPointers               = true                           {product lp64_product} {ergonomic}
     bool UseCompressedOops                        = true                           {product lp64_product} {ergonomic}
     bool UseG1GC                                  = true                                      {product} {ergonomic}
     bool UseLargePagesIndividualAllocation        = false                                  {pd product} {ergonomic}

Logging:
Log output configuration:
 #0: stdout all=warning uptime,level,tags
 #1: stderr all=off uptime,level,tags

Environment Variables:
PATH=C:\Program Files (x86)\Common Files\Intel\Shared Libraries\INTEL64\;C:\Program Files (x86)\Common Files\Intel\Shared Libraries\IA32\;C:\Program Files (x86)\Common Files\Intel\Shared Libraries\;C:\WINDOWS\SYSTEM32;C:\WINDOWS;C:\WINDOWS\SYSTEM32\WBEM;C:\WINDOWS\SYSTEM32\WINDOWSPOWERSHELL\V1.0\;C:\WINDOWS\SYSTEM32\OPENSSH\;C:\PROGRAM FILES\GIT\CMD;;C:\Users\ja\AppData\Local\Microsoft\WindowsApps;;C:\Program Files\JetBrains\IntelliJ IDEA Community Edition 2020.3.2\bin;;C:\Users\ja\AppData\Local\Pandoc\
USERNAME=ja
OS=Windows_NT
PROCESSOR_IDENTIFIER=Intel64 Family 6 Model 42 Stepping 7, GenuineIntel



---------------  S Y S T E M  ---------------

OS:
 Windows 10 , 64 bit Build 19041 (10.0.19041.1202)
OS uptime: 3 days 0:50 hours

CPU: total 4 (initial active 4) (2 cores per cpu, 2 threads per core) family 6 model 42 stepping 7 microcode 0x2f, cx8, cmov, fxsr, ht, mmx, sse, sse2, sse3, ssse3, sse4.1, sse4.2, popcnt, tsc, tscinvbit, avx, clmul, vzeroupper, clflush

Memory: 4k page, system-wide physical 16267M (9086M free)
TotalPageFile size 18699M (AvailPageFile size 8835M)
current process WorkingSet (physical memory assigned to process): 520M, peak: 520M
current process commit charge ("private bytes"): 839M, peak: 839M

vm_info: OpenJDK 64-Bit Server VM (17+35-2724) for windows-amd64 JRE (17+35-2724), built on Aug  5 2021 23:26:02 by "mach5one" with MS VC++ 16.8 (VS2019)

END.
